2021-06-03 19:16:04,192 - mmdet - INFO - Environment info:
------------------------------------------------------------
sys.platform: linux
Python: 3.7.0 (default, Oct  9 2018, 10:31:47) [GCC 7.3.0]
CUDA available: True
GPU 0: GeForce GTX 1050
CUDA_HOME: /usr/local/cuda
NVCC: Cuda compilation tools, release 10.2, V10.2.89
GCC: gcc (Ubuntu 7.5.0-3ubuntu1~18.04) 7.5.0
PyTorch: 1.6.0+cu101
PyTorch compiling details: PyTorch built with:
  - GCC 7.3
  - C++ Version: 201402
  - Intel(R) Math Kernel Library Version 2019.0.5 Product Build 20190808 for Intel(R) 64 architecture applications
  - Intel(R) MKL-DNN v1.5.0 (Git Hash e2ac1fac44c5078ca927cb9b90e1b3066a0b2ed0)
  - OpenMP 201511 (a.k.a. OpenMP 4.5)
  - NNPACK is enabled
  - CPU capability usage: AVX2
  - CUDA Runtime 10.1
  - NVCC architecture flags: -gencode;arch=compute_37,code=sm_37;-gencode;arch=compute_50,code=sm_50;-gencode;arch=compute_60,code=sm_60;-gencode;arch=compute_70,code=sm_70;-gencode;arch=compute_75,code=sm_75
  - CuDNN 7.6.3
  - Magma 2.5.2
  - Build settings: BLAS=MKL, BUILD_TYPE=Release, CXX_FLAGS= -Wno-deprecated -fvisibility-inlines-hidden -DUSE_PTHREADPOOL -fopenmp -DNDEBUG -DUSE_FBGEMM -DUSE_QNNPACK -DUSE_PYTORCH_QNNPACK -DUSE_XNNPACK -DUSE_VULKAN_WRAPPER -O2 -fPIC -Wno-narrowing -Wall -Wextra -Werror=return-type -Wno-missing-field-initializers -Wno-type-limits -Wno-array-bounds -Wno-unknown-pragmas -Wno-sign-compare -Wno-unused-parameter -Wno-unused-variable -Wno-unused-function -Wno-unused-result -Wno-unused-local-typedefs -Wno-strict-overflow -Wno-strict-aliasing -Wno-error=deprecated-declarations -Wno-stringop-overflow -Wno-error=pedantic -Wno-error=redundant-decls -Wno-error=old-style-cast -fdiagnostics-color=always -faligned-new -Wno-unused-but-set-variable -Wno-maybe-uninitialized -fno-math-errno -fno-trapping-math -Werror=format -Wno-stringop-overflow, PERF_WITH_AVX=1, PERF_WITH_AVX2=1, PERF_WITH_AVX512=1, USE_CUDA=ON, USE_EXCEPTION_PTR=1, USE_GFLAGS=OFF, USE_GLOG=OFF, USE_MKL=ON, USE_MKLDNN=ON, USE_MPI=OFF, USE_NCCL=ON, USE_NNPACK=ON, USE_OPENMP=ON, USE_STATIC_DISPATCH=OFF, 

TorchVision: 0.7.0+cu101
OpenCV: 4.5.1
MMCV: 1.2.7
MMCV Compiler: GCC 7.3
MMCV CUDA Compiler: 10.1
MMDetection: 2.10.0+
------------------------------------------------------------

2021-06-03 19:16:04,571 - mmdet - INFO - Distributed training: False
2021-06-03 19:16:04,901 - mmdet - INFO - Config:
model = dict(
    type='CascadeRCNN',
    backbone=dict(
        type='ResNet',
        depth=101,
        num_stages=4,
        out_indices=(0, 1, 2, 3),
        frozen_stages=1,
        norm_cfg=dict(type='BN', requires_grad=True),
        norm_eval=True,
        style='pytorch',
        dcn=dict(type='DCN', deform_groups=1, fallback_on_stride=False),
        stage_with_dcn=(False, True, True, True)),
    neck=dict(
        type='FPN',
        in_channels=[256, 512, 1024, 2048],
        out_channels=256,
        num_outs=5),
    rpn_head=dict(
        type='RPNHead',
        in_channels=256,
        feat_channels=256,
        anchor_generator=dict(
            type='AnchorGenerator',
            scales=[4],
            ratios=[0.5, 1.0, 2.0],
            strides=[4, 8, 16, 32, 64]),
        bbox_coder=dict(
            type='DeltaXYWHBBoxCoder',
            target_means=[0.0, 0.0, 0.0, 0.0],
            target_stds=[1.0, 1.0, 1.0, 1.0]),
        loss_cls=dict(
            type='CrossEntropyLoss', use_sigmoid=True, loss_weight=1.0),
        loss_bbox=dict(
            type='SmoothL1Loss', beta=0.1111111111111111, loss_weight=1.0)),
    roi_head=dict(
        type='CascadeRoIHead',
        num_stages=3,
        stage_loss_weights=[1, 0.5, 0.25],
        bbox_roi_extractor=dict(
            type='SingleRoIExtractor',
            roi_layer=dict(type='RoIAlign', output_size=7, sampling_ratio=0),
            out_channels=256,
            featmap_strides=[4, 8, 16, 32]),
        bbox_head=[
            dict(
                type='Shared2FCBBoxHead',
                in_channels=256,
                fc_out_channels=1024,
                roi_feat_size=7,
                num_classes=20,
                bbox_coder=dict(
                    type='DeltaXYWHBBoxCoder',
                    target_means=[0.0, 0.0, 0.0, 0.0],
                    target_stds=[0.1, 0.1, 0.2, 0.2]),
                reg_class_agnostic=True,
                loss_cls=dict(
                    type='CrossEntropyLoss',
                    use_sigmoid=False,
                    loss_weight=1.0),
                loss_bbox=dict(type='SmoothL1Loss', beta=1.0,
                               loss_weight=1.0)),
            dict(
                type='Shared2FCBBoxHead',
                in_channels=256,
                fc_out_channels=1024,
                roi_feat_size=7,
                num_classes=20,
                bbox_coder=dict(
                    type='DeltaXYWHBBoxCoder',
                    target_means=[0.0, 0.0, 0.0, 0.0],
                    target_stds=[0.05, 0.05, 0.1, 0.1]),
                reg_class_agnostic=True,
                loss_cls=dict(
                    type='CrossEntropyLoss',
                    use_sigmoid=False,
                    loss_weight=1.0),
                loss_bbox=dict(type='SmoothL1Loss', beta=1.0,
                               loss_weight=1.0)),
            dict(
                type='Shared2FCBBoxHead',
                in_channels=256,
                fc_out_channels=1024,
                roi_feat_size=7,
                num_classes=20,
                bbox_coder=dict(
                    type='DeltaXYWHBBoxCoder',
                    target_means=[0.0, 0.0, 0.0, 0.0],
                    target_stds=[0.033, 0.033, 0.067, 0.067]),
                reg_class_agnostic=True,
                loss_cls=dict(
                    type='CrossEntropyLoss',
                    use_sigmoid=False,
                    loss_weight=1.0),
                loss_bbox=dict(type='SmoothL1Loss', beta=1.0, loss_weight=1.0))
        ]),
    train_cfg=dict(
        rpn=dict(
            assigner=dict(
                type='MaxIoUAssigner',
                pos_iou_thr=0.7,
                neg_iou_thr=0.3,
                min_pos_iou=0.3,
                match_low_quality=True,
                ignore_iof_thr=-1),
            sampler=dict(
                type='RandomSampler',
                num=256,
                pos_fraction=0.5,
                neg_pos_ub=-1,
                add_gt_as_proposals=False),
            allowed_border=0,
            pos_weight=-1,
            debug=False),
        rpn_proposal=dict(
            nms_pre=2000,
            max_per_img=2000,
            nms=dict(type='nms', iou_threshold=0.7),
            min_bbox_size=0),
        rcnn=[
            dict(
                assigner=dict(
                    type='MaxIoUAssigner',
                    pos_iou_thr=0.5,
                    neg_iou_thr=0.5,
                    min_pos_iou=0.5,
                    match_low_quality=False,
                    ignore_iof_thr=-1),
                sampler=dict(
                    type='RandomSampler',
                    num=512,
                    pos_fraction=0.25,
                    neg_pos_ub=-1,
                    add_gt_as_proposals=True),
                pos_weight=-1,
                debug=False),
            dict(
                assigner=dict(
                    type='MaxIoUAssigner',
                    pos_iou_thr=0.65,
                    neg_iou_thr=0.65,
                    min_pos_iou=0.65,
                    match_low_quality=False,
                    ignore_iof_thr=-1),
                sampler=dict(
                    type='RandomSampler',
                    num=512,
                    pos_fraction=0.25,
                    neg_pos_ub=-1,
                    add_gt_as_proposals=True),
                pos_weight=-1,
                debug=False),
            dict(
                assigner=dict(
                    type='MaxIoUAssigner',
                    pos_iou_thr=0.8,
                    neg_iou_thr=0.8,
                    min_pos_iou=0.8,
                    match_low_quality=False,
                    ignore_iof_thr=-1),
                sampler=dict(
                    type='RandomSampler',
                    num=512,
                    pos_fraction=0.25,
                    neg_pos_ub=-1,
                    add_gt_as_proposals=True),
                pos_weight=-1,
                debug=False)
        ]),
    test_cfg=dict(
        rpn=dict(
            nms_pre=1000,
            max_per_img=1000,
            nms=dict(type='nms', iou_threshold=0.7),
            min_bbox_size=0),
        rcnn=dict(
            score_thr=0.05,
            nms=dict(type='nms', iou_threshold=0.5),
            max_per_img=100)))
dataset_type = 'VOCDataset'
data_root = 'data/VOCdevkit/'
img_norm_cfg = dict(
    mean=[123.675, 116.28, 103.53], std=[58.395, 57.12, 57.375], to_rgb=True)
train_pipeline = [
    dict(type='LoadImageFromFile'),
    dict(type='LoadAnnotations', with_bbox=True),
    dict(
        type='Resize',
        img_scale=[(500, 400), (450, 350), (400, 300)],
        multiscale_mode='value',
        keep_ratio=True),
    dict(type='RandomFlip', flip_ratio=0.5),
    dict(
        type='Normalize',
        mean=[123.675, 116.28, 103.53],
        std=[58.395, 57.12, 57.375],
        to_rgb=True),
    dict(type='Pad', size_divisor=32),
    dict(type='DefaultFormatBundle'),
    dict(type='Collect', keys=['img', 'gt_bboxes', 'gt_labels'])
]
test_pipeline = [
    dict(type='LoadImageFromFile'),
    dict(
        type='MultiScaleFlipAug',
        img_scale=(500, 400),
        flip=False,
        transforms=[
            dict(type='Resize', keep_ratio=True),
            dict(type='RandomFlip'),
            dict(
                type='Normalize',
                mean=[123.675, 116.28, 103.53],
                std=[58.395, 57.12, 57.375],
                to_rgb=True),
            dict(type='Pad', size_divisor=32),
            dict(type='ImageToTensor', keys=['img']),
            dict(type='Collect', keys=['img'])
        ])
]
data = dict(
    samples_per_gpu=2,
    workers_per_gpu=2,
    train=dict(
        type='RepeatDataset',
        times=3,
        dataset=dict(
            type='VOCDataset',
            ann_file=['data/VOCdevkit/VOC2007/ImageSets/Main/train.txt'],
            img_prefix=['data/VOCdevkit/VOC2007/'],
            pipeline=[
                dict(type='LoadImageFromFile'),
                dict(type='LoadAnnotations', with_bbox=True),
                dict(
                    type='Resize',
                    img_scale=[(500, 400), (450, 350), (400, 300)],
                    multiscale_mode='value',
                    keep_ratio=True),
                dict(type='RandomFlip', flip_ratio=0.5),
                dict(
                    type='Normalize',
                    mean=[123.675, 116.28, 103.53],
                    std=[58.395, 57.12, 57.375],
                    to_rgb=True),
                dict(type='Pad', size_divisor=32),
                dict(type='DefaultFormatBundle'),
                dict(type='Collect', keys=['img', 'gt_bboxes', 'gt_labels'])
            ])),
    val=dict(
        type='VOCDataset',
        ann_file='data/VOCdevkit/VOC2007/ImageSets/Main/val.txt',
        img_prefix='data/VOCdevkit/VOC2007/',
        pipeline=[
            dict(type='LoadImageFromFile'),
            dict(
                type='MultiScaleFlipAug',
                img_scale=(500, 400),
                flip=False,
                transforms=[
                    dict(type='Resize', keep_ratio=True),
                    dict(type='RandomFlip'),
                    dict(
                        type='Normalize',
                        mean=[123.675, 116.28, 103.53],
                        std=[58.395, 57.12, 57.375],
                        to_rgb=True),
                    dict(type='Pad', size_divisor=32),
                    dict(type='ImageToTensor', keys=['img']),
                    dict(type='Collect', keys=['img'])
                ])
        ]),
    test=dict(
        type='VOCDataset',
        ann_file='data/VOCdevkit/VOC2007/ImageSets/Main/val.txt',
        img_prefix='data/VOCdevkit/VOC2007/',
        pipeline=[
            dict(type='LoadImageFromFile'),
            dict(
                type='MultiScaleFlipAug',
                img_scale=(500, 400),
                flip=False,
                transforms=[
                    dict(type='Resize', keep_ratio=True),
                    dict(type='RandomFlip'),
                    dict(
                        type='Normalize',
                        mean=[123.675, 116.28, 103.53],
                        std=[58.395, 57.12, 57.375],
                        to_rgb=True),
                    dict(type='Pad', size_divisor=32),
                    dict(type='ImageToTensor', keys=['img']),
                    dict(type='Collect', keys=['img'])
                ])
        ]))
evaluation = dict(interval=1, metric='mAP')
optimizer = dict(type='SGD', lr=0.003, momentum=0.9, weight_decay=0.0001)
optimizer_config = dict(grad_clip=None)
lr_config = dict(
    policy='step',
    warmup='linear',
    warmup_iters=500,
    warmup_ratio=0.001,
    step=[2, 3])
runner = dict(type='EpochBasedRunner', max_epochs=4)
checkpoint_config = dict(interval=1)
log_config = dict(interval=50, hooks=[dict(type='TextLoggerHook')])
custom_hooks = [dict(type='NumClassCheckHook')]
dist_params = dict(backend='nccl')
log_level = 'INFO'
load_from = './models/cascade_rcnn_r101_fpn_1x_coco_pretrained_weights_classes_20.pth'
resume_from = None
workflow = [('train', 1)]
work_dir = 'work_dir/cascade_rcnn_r101_giou_fpn_1x_voc_multiscale'
gpu_ids = range(0, 1)

2021-06-03 19:17:14,411 - mmdet - INFO - load checkpoint from ./models/cascade_rcnn_r101_fpn_1x_coco_pretrained_weights_classes_20.pth
2021-06-03 19:17:14,413 - mmdet - INFO - Use load_from_local loader
2021-06-03 19:17:18,735 - mmdet - WARNING - The model and loaded state dict do not match exactly

size mismatch for roi_head.bbox_head.0.fc_cls.weight: copying a param with shape torch.Size([20, 1024]) from checkpoint, the shape in current model is torch.Size([21, 1024]).
size mismatch for roi_head.bbox_head.0.fc_cls.bias: copying a param with shape torch.Size([20]) from checkpoint, the shape in current model is torch.Size([21]).
size mismatch for roi_head.bbox_head.1.fc_cls.weight: copying a param with shape torch.Size([20, 1024]) from checkpoint, the shape in current model is torch.Size([21, 1024]).
size mismatch for roi_head.bbox_head.1.fc_cls.bias: copying a param with shape torch.Size([20]) from checkpoint, the shape in current model is torch.Size([21]).
size mismatch for roi_head.bbox_head.2.fc_cls.weight: copying a param with shape torch.Size([20, 1024]) from checkpoint, the shape in current model is torch.Size([21, 1024]).
size mismatch for roi_head.bbox_head.2.fc_cls.bias: copying a param with shape torch.Size([20]) from checkpoint, the shape in current model is torch.Size([21]).
missing keys in source state_dict: backbone.layer2.0.conv2.conv_offset.weight, backbone.layer2.0.conv2.conv_offset.bias, backbone.layer2.1.conv2.conv_offset.weight, backbone.layer2.1.conv2.conv_offset.bias, backbone.layer2.2.conv2.conv_offset.weight, backbone.layer2.2.conv2.conv_offset.bias, backbone.layer2.3.conv2.conv_offset.weight, backbone.layer2.3.conv2.conv_offset.bias, backbone.layer3.0.conv2.conv_offset.weight, backbone.layer3.0.conv2.conv_offset.bias, backbone.layer3.1.conv2.conv_offset.weight, backbone.layer3.1.conv2.conv_offset.bias, backbone.layer3.2.conv2.conv_offset.weight, backbone.layer3.2.conv2.conv_offset.bias, backbone.layer3.3.conv2.conv_offset.weight, backbone.layer3.3.conv2.conv_offset.bias, backbone.layer3.4.conv2.conv_offset.weight, backbone.layer3.4.conv2.conv_offset.bias, backbone.layer3.5.conv2.conv_offset.weight, backbone.layer3.5.conv2.conv_offset.bias, backbone.layer3.6.conv2.conv_offset.weight, backbone.layer3.6.conv2.conv_offset.bias, backbone.layer3.7.conv2.conv_offset.weight, backbone.layer3.7.conv2.conv_offset.bias, backbone.layer3.8.conv2.conv_offset.weight, backbone.layer3.8.conv2.conv_offset.bias, backbone.layer3.9.conv2.conv_offset.weight, backbone.layer3.9.conv2.conv_offset.bias, backbone.layer3.10.conv2.conv_offset.weight, backbone.layer3.10.conv2.conv_offset.bias, backbone.layer3.11.conv2.conv_offset.weight, backbone.layer3.11.conv2.conv_offset.bias, backbone.layer3.12.conv2.conv_offset.weight, backbone.layer3.12.conv2.conv_offset.bias, backbone.layer3.13.conv2.conv_offset.weight, backbone.layer3.13.conv2.conv_offset.bias, backbone.layer3.14.conv2.conv_offset.weight, backbone.layer3.14.conv2.conv_offset.bias, backbone.layer3.15.conv2.conv_offset.weight, backbone.layer3.15.conv2.conv_offset.bias, backbone.layer3.16.conv2.conv_offset.weight, backbone.layer3.16.conv2.conv_offset.bias, backbone.layer3.17.conv2.conv_offset.weight, backbone.layer3.17.conv2.conv_offset.bias, backbone.layer3.18.conv2.conv_offset.weight, backbone.layer3.18.conv2.conv_offset.bias, backbone.layer3.19.conv2.conv_offset.weight, backbone.layer3.19.conv2.conv_offset.bias, backbone.layer3.20.conv2.conv_offset.weight, backbone.layer3.20.conv2.conv_offset.bias, backbone.layer3.21.conv2.conv_offset.weight, backbone.layer3.21.conv2.conv_offset.bias, backbone.layer3.22.conv2.conv_offset.weight, backbone.layer3.22.conv2.conv_offset.bias, backbone.layer4.0.conv2.conv_offset.weight, backbone.layer4.0.conv2.conv_offset.bias, backbone.layer4.1.conv2.conv_offset.weight, backbone.layer4.1.conv2.conv_offset.bias, backbone.layer4.2.conv2.conv_offset.weight, backbone.layer4.2.conv2.conv_offset.bias

2021-06-03 19:17:18,742 - mmdet - INFO - Start running, host: root@asxz, work_dir: /media/asxz/新加卷/mmdetection3/work_dir/cascade_rcnn_r101_giou_fpn_1x_voc_multiscale
2021-06-03 19:17:18,742 - mmdet - INFO - workflow: [('train', 1)], max: 4 epochs
2021-06-03 19:18:20,009 - mmdet - INFO - Epoch [1][50/3752]	lr: 2.967e-04, eta: 5:05:17, time: 1.225, data_time: 0.054, memory: 2172, loss_rpn_cls: 0.0507, loss_rpn_bbox: 0.0117, s0.loss_cls: 1.3508, s0.acc: 75.8105, s0.loss_bbox: 0.0123, s1.loss_cls: 0.8168, s1.acc: 69.1719, s1.loss_bbox: 0.0126, s2.loss_cls: 0.4074, s2.acc: 72.6523, s2.loss_bbox: 0.0072, loss: 2.6696
2021-06-03 19:19:17,697 - mmdet - INFO - Epoch [1][100/3752]	lr: 5.964e-04, eta: 4:55:28, time: 1.154, data_time: 0.003, memory: 2172, loss_rpn_cls: 0.0307, loss_rpn_bbox: 0.0084, s0.loss_cls: 0.2125, s0.acc: 97.2070, s0.loss_bbox: 0.0195, s1.loss_cls: 0.1344, s1.acc: 96.2578, s1.loss_bbox: 0.0219, s2.loss_cls: 0.0750, s2.acc: 95.9883, s2.loss_bbox: 0.0093, loss: 0.5117
2021-06-03 19:20:16,536 - mmdet - INFO - Epoch [1][150/3752]	lr: 8.961e-04, eta: 4:53:27, time: 1.177, data_time: 0.003, memory: 2172, loss_rpn_cls: 0.0209, loss_rpn_bbox: 0.0078, s0.loss_cls: 0.1980, s0.acc: 96.7480, s0.loss_bbox: 0.0202, s1.loss_cls: 0.1277, s1.acc: 95.6133, s1.loss_bbox: 0.0224, s2.loss_cls: 0.0737, s2.acc: 95.4004, s2.loss_bbox: 0.0113, loss: 0.4819
2021-06-03 19:21:15,316 - mmdet - INFO - Epoch [1][200/3752]	lr: 1.196e-03, eta: 4:51:53, time: 1.176, data_time: 0.003, memory: 2172, loss_rpn_cls: 0.0229, loss_rpn_bbox: 0.0063, s0.loss_cls: 0.2287, s0.acc: 95.3516, s0.loss_bbox: 0.0334, s1.loss_cls: 0.1472, s1.acc: 93.8750, s1.loss_bbox: 0.0358, s2.loss_cls: 0.0779, s2.acc: 94.2927, s2.loss_bbox: 0.0151, loss: 0.5673
2021-06-03 19:22:15,112 - mmdet - INFO - Epoch [1][250/3752]	lr: 1.496e-03, eta: 4:51:32, time: 1.196, data_time: 0.003, memory: 2172, loss_rpn_cls: 0.0166, loss_rpn_bbox: 0.0062, s0.loss_cls: 0.2214, s0.acc: 95.6133, s0.loss_bbox: 0.0301, s1.loss_cls: 0.1394, s1.acc: 94.3066, s1.loss_bbox: 0.0358, s2.loss_cls: 0.0774, s2.acc: 93.7129, s2.loss_bbox: 0.0158, loss: 0.5427
2021-06-03 19:23:13,071 - mmdet - INFO - Epoch [1][300/3752]	lr: 1.795e-03, eta: 4:49:29, time: 1.159, data_time: 0.003, memory: 2172, loss_rpn_cls: 0.0129, loss_rpn_bbox: 0.0053, s0.loss_cls: 0.2183, s0.acc: 95.5645, s0.loss_bbox: 0.0403, s1.loss_cls: 0.1295, s1.acc: 94.7244, s1.loss_bbox: 0.0424, s2.loss_cls: 0.0740, s2.acc: 94.1659, s2.loss_bbox: 0.0177, loss: 0.5404
2021-06-03 19:24:12,303 - mmdet - INFO - Epoch [1][350/3752]	lr: 2.095e-03, eta: 4:48:38, time: 1.185, data_time: 0.003, memory: 2172, loss_rpn_cls: 0.0083, loss_rpn_bbox: 0.0041, s0.loss_cls: 0.1953, s0.acc: 96.2656, s0.loss_bbox: 0.0451, s1.loss_cls: 0.1124, s1.acc: 96.0469, s1.loss_bbox: 0.0417, s2.loss_cls: 0.0653, s2.acc: 95.4414, s2.loss_bbox: 0.0150, loss: 0.4872
2021-06-03 19:25:11,378 - mmdet - INFO - Epoch [1][400/3752]	lr: 2.395e-03, eta: 4:47:39, time: 1.181, data_time: 0.003, memory: 2172, loss_rpn_cls: 0.0125, loss_rpn_bbox: 0.0045, s0.loss_cls: 0.1690, s0.acc: 96.9355, s0.loss_bbox: 0.0386, s1.loss_cls: 0.1034, s1.acc: 96.8945, s1.loss_bbox: 0.0391, s2.loss_cls: 0.0639, s2.acc: 95.9004, s2.loss_bbox: 0.0151, loss: 0.4461
2021-06-03 19:26:09,801 - mmdet - INFO - Epoch [1][450/3752]	lr: 2.694e-03, eta: 4:46:19, time: 1.168, data_time: 0.003, memory: 2172, loss_rpn_cls: 0.0085, loss_rpn_bbox: 0.0038, s0.loss_cls: 0.1559, s0.acc: 97.1777, s0.loss_bbox: 0.0411, s1.loss_cls: 0.1061, s1.acc: 96.9065, s1.loss_bbox: 0.0386, s2.loss_cls: 0.0679, s2.acc: 96.3638, s2.loss_bbox: 0.0166, loss: 0.4386
2021-06-03 19:27:08,648 - mmdet - INFO - Epoch [1][500/3752]	lr: 2.994e-03, eta: 4:45:15, time: 1.177, data_time: 0.003, memory: 2172, loss_rpn_cls: 0.0112, loss_rpn_bbox: 0.0039, s0.loss_cls: 0.1135, s0.acc: 97.2500, s0.loss_bbox: 0.0494, s1.loss_cls: 0.0751, s1.acc: 97.2245, s1.loss_bbox: 0.0514, s2.loss_cls: 0.0503, s2.acc: 95.9580, s2.loss_bbox: 0.0190, loss: 0.3738
2021-06-03 19:28:07,900 - mmdet - INFO - Epoch [1][550/3752]	lr: 3.000e-03, eta: 4:44:23, time: 1.185, data_time: 0.003, memory: 2172, loss_rpn_cls: 0.0114, loss_rpn_bbox: 0.0042, s0.loss_cls: 0.1246, s0.acc: 96.8301, s0.loss_bbox: 0.0561, s1.loss_cls: 0.0756, s1.acc: 96.8714, s1.loss_bbox: 0.0508, s2.loss_cls: 0.0490, s2.acc: 96.2000, s2.loss_bbox: 0.0190, loss: 0.3907
2021-06-03 19:29:06,108 - mmdet - INFO - Epoch [1][600/3752]	lr: 3.000e-03, eta: 4:43:05, time: 1.164, data_time: 0.003, memory: 2172, loss_rpn_cls: 0.0103, loss_rpn_bbox: 0.0043, s0.loss_cls: 0.1422, s0.acc: 96.0020, s0.loss_bbox: 0.0632, s1.loss_cls: 0.0905, s1.acc: 95.2946, s1.loss_bbox: 0.0630, s2.loss_cls: 0.0560, s2.acc: 94.8318, s2.loss_bbox: 0.0238, loss: 0.4533
2021-06-03 19:30:03,620 - mmdet - INFO - Epoch [1][650/3752]	lr: 3.000e-03, eta: 4:41:34, time: 1.150, data_time: 0.003, memory: 2172, loss_rpn_cls: 0.0095, loss_rpn_bbox: 0.0046, s0.loss_cls: 0.1077, s0.acc: 96.8848, s0.loss_bbox: 0.0606, s1.loss_cls: 0.0642, s1.acc: 96.7852, s1.loss_bbox: 0.0539, s2.loss_cls: 0.0390, s2.acc: 96.4199, s2.loss_bbox: 0.0199, loss: 0.3593
2021-06-03 19:31:02,252 - mmdet - INFO - Epoch [1][700/3752]	lr: 3.000e-03, eta: 4:40:31, time: 1.173, data_time: 0.003, memory: 2172, loss_rpn_cls: 0.0098, loss_rpn_bbox: 0.0037, s0.loss_cls: 0.0999, s0.acc: 97.2695, s0.loss_bbox: 0.0509, s1.loss_cls: 0.0554, s1.acc: 97.1016, s1.loss_bbox: 0.0477, s2.loss_cls: 0.0356, s2.acc: 96.5234, s2.loss_bbox: 0.0171, loss: 0.3202
2021-06-03 19:32:02,016 - mmdet - INFO - Epoch [1][750/3752]	lr: 3.000e-03, eta: 4:39:50, time: 1.195, data_time: 0.003, memory: 2172, loss_rpn_cls: 0.0076, loss_rpn_bbox: 0.0040, s0.loss_cls: 0.0889, s0.acc: 97.3867, s0.loss_bbox: 0.0465, s1.loss_cls: 0.0523, s1.acc: 97.2644, s1.loss_bbox: 0.0486, s2.loss_cls: 0.0333, s2.acc: 96.8397, s2.loss_bbox: 0.0194, loss: 0.3005
2021-06-03 19:33:01,904 - mmdet - INFO - Epoch [1][800/3752]	lr: 3.000e-03, eta: 4:39:09, time: 1.198, data_time: 0.003, memory: 2172, loss_rpn_cls: 0.0070, loss_rpn_bbox: 0.0036, s0.loss_cls: 0.0860, s0.acc: 97.4336, s0.loss_bbox: 0.0560, s1.loss_cls: 0.0522, s1.acc: 97.3725, s1.loss_bbox: 0.0515, s2.loss_cls: 0.0362, s2.acc: 96.7141, s2.loss_bbox: 0.0197, loss: 0.3123
2021-06-03 19:34:00,917 - mmdet - INFO - Epoch [1][850/3752]	lr: 3.000e-03, eta: 4:38:11, time: 1.180, data_time: 0.003, memory: 2172, loss_rpn_cls: 0.0098, loss_rpn_bbox: 0.0038, s0.loss_cls: 0.0991, s0.acc: 97.0488, s0.loss_bbox: 0.0522, s1.loss_cls: 0.0565, s1.acc: 97.0974, s1.loss_bbox: 0.0484, s2.loss_cls: 0.0368, s2.acc: 96.7940, s2.loss_bbox: 0.0168, loss: 0.3235
2021-06-03 19:34:59,386 - mmdet - INFO - Epoch [1][900/3752]	lr: 3.000e-03, eta: 4:37:05, time: 1.169, data_time: 0.003, memory: 2172, loss_rpn_cls: 0.0067, loss_rpn_bbox: 0.0032, s0.loss_cls: 0.0775, s0.acc: 97.6523, s0.loss_bbox: 0.0477, s1.loss_cls: 0.0436, s1.acc: 97.5684, s1.loss_bbox: 0.0471, s2.loss_cls: 0.0303, s2.acc: 96.9612, s2.loss_bbox: 0.0175, loss: 0.2737
2021-06-03 19:35:57,998 - mmdet - INFO - Epoch [1][950/3752]	lr: 3.000e-03, eta: 4:36:01, time: 1.172, data_time: 0.003, memory: 2172, loss_rpn_cls: 0.0089, loss_rpn_bbox: 0.0040, s0.loss_cls: 0.0909, s0.acc: 97.2383, s0.loss_bbox: 0.0568, s1.loss_cls: 0.0496, s1.acc: 97.2188, s1.loss_bbox: 0.0509, s2.loss_cls: 0.0324, s2.acc: 97.1523, s2.loss_bbox: 0.0188, loss: 0.3123
2021-06-03 19:36:57,175 - mmdet - INFO - Exp name: cascade_rcnn_r101_fpn_dconv_c3-c5_1x_coco.py
2021-06-03 19:36:57,175 - mmdet - INFO - Epoch [1][1000/3752]	lr: 3.000e-03, eta: 4:35:06, time: 1.184, data_time: 0.003, memory: 2172, loss_rpn_cls: 0.0063, loss_rpn_bbox: 0.0034, s0.loss_cls: 0.0723, s0.acc: 97.5645, s0.loss_bbox: 0.0482, s1.loss_cls: 0.0435, s1.acc: 97.3507, s1.loss_bbox: 0.0482, s2.loss_cls: 0.0296, s2.acc: 97.2228, s2.loss_bbox: 0.0196, loss: 0.2712
2021-06-03 19:37:56,336 - mmdet - INFO - Epoch [1][1050/3752]	lr: 3.000e-03, eta: 4:34:11, time: 1.183, data_time: 0.003, memory: 2172, loss_rpn_cls: 0.0077, loss_rpn_bbox: 0.0045, s0.loss_cls: 0.0836, s0.acc: 97.3770, s0.loss_bbox: 0.0507, s1.loss_cls: 0.0500, s1.acc: 97.2214, s1.loss_bbox: 0.0531, s2.loss_cls: 0.0360, s2.acc: 96.4544, s2.loss_bbox: 0.0195, loss: 0.3052
2021-06-03 19:38:56,085 - mmdet - INFO - Epoch [1][1100/3752]	lr: 3.000e-03, eta: 4:33:22, time: 1.195, data_time: 0.003, memory: 2172, loss_rpn_cls: 0.0096, loss_rpn_bbox: 0.0040, s0.loss_cls: 0.0902, s0.acc: 97.2930, s0.loss_bbox: 0.0570, s1.loss_cls: 0.0444, s1.acc: 97.5349, s1.loss_bbox: 0.0530, s2.loss_cls: 0.0276, s2.acc: 97.1031, s2.loss_bbox: 0.0168, loss: 0.3027
2021-06-03 19:39:55,097 - mmdet - INFO - Epoch [1][1150/3752]	lr: 3.000e-03, eta: 4:32:24, time: 1.180, data_time: 0.003, memory: 2172, loss_rpn_cls: 0.0069, loss_rpn_bbox: 0.0028, s0.loss_cls: 0.0806, s0.acc: 97.4512, s0.loss_bbox: 0.0419, s1.loss_cls: 0.0420, s1.acc: 97.5066, s1.loss_bbox: 0.0430, s2.loss_cls: 0.0289, s2.acc: 97.0590, s2.loss_bbox: 0.0203, loss: 0.2665
2021-06-03 19:40:53,920 - mmdet - INFO - Epoch [1][1200/3752]	lr: 3.000e-03, eta: 4:31:23, time: 1.176, data_time: 0.003, memory: 2172, loss_rpn_cls: 0.0063, loss_rpn_bbox: 0.0036, s0.loss_cls: 0.0919, s0.acc: 97.2188, s0.loss_bbox: 0.0390, s1.loss_cls: 0.0514, s1.acc: 97.1520, s1.loss_bbox: 0.0446, s2.loss_cls: 0.0344, s2.acc: 96.3598, s2.loss_bbox: 0.0180, loss: 0.2892
2021-06-03 19:41:52,301 - mmdet - INFO - Epoch [1][1250/3752]	lr: 3.000e-03, eta: 4:30:18, time: 1.168, data_time: 0.003, memory: 2172, loss_rpn_cls: 0.0073, loss_rpn_bbox: 0.0040, s0.loss_cls: 0.1014, s0.acc: 96.6816, s0.loss_bbox: 0.0585, s1.loss_cls: 0.0507, s1.acc: 96.7794, s1.loss_bbox: 0.0526, s2.loss_cls: 0.0311, s2.acc: 96.9552, s2.loss_bbox: 0.0178, loss: 0.3234
2021-06-03 19:42:51,256 - mmdet - INFO - Epoch [1][1300/3752]	lr: 3.000e-03, eta: 4:29:19, time: 1.179, data_time: 0.003, memory: 2172, loss_rpn_cls: 0.0073, loss_rpn_bbox: 0.0039, s0.loss_cls: 0.0984, s0.acc: 96.6895, s0.loss_bbox: 0.0576, s1.loss_cls: 0.0524, s1.acc: 96.7201, s1.loss_bbox: 0.0571, s2.loss_cls: 0.0328, s2.acc: 96.3085, s2.loss_bbox: 0.0210, loss: 0.3304
2021-06-03 19:43:50,892 - mmdet - INFO - Epoch [1][1350/3752]	lr: 3.000e-03, eta: 4:28:27, time: 1.193, data_time: 0.003, memory: 2172, loss_rpn_cls: 0.0050, loss_rpn_bbox: 0.0027, s0.loss_cls: 0.0704, s0.acc: 97.6953, s0.loss_bbox: 0.0382, s1.loss_cls: 0.0393, s1.acc: 97.5058, s1.loss_bbox: 0.0443, s2.loss_cls: 0.0277, s2.acc: 96.4802, s2.loss_bbox: 0.0185, loss: 0.2461
2021-06-03 19:44:49,628 - mmdet - INFO - Epoch [1][1400/3752]	lr: 3.000e-03, eta: 4:27:26, time: 1.175, data_time: 0.003, memory: 2172, loss_rpn_cls: 0.0074, loss_rpn_bbox: 0.0036, s0.loss_cls: 0.0806, s0.acc: 97.1387, s0.loss_bbox: 0.0511, s1.loss_cls: 0.0423, s1.acc: 97.2821, s1.loss_bbox: 0.0463, s2.loss_cls: 0.0270, s2.acc: 97.0421, s2.loss_bbox: 0.0190, loss: 0.2773
2021-06-03 19:45:48,812 - mmdet - INFO - Epoch [1][1450/3752]	lr: 3.000e-03, eta: 4:26:29, time: 1.184, data_time: 0.003, memory: 2172, loss_rpn_cls: 0.0070, loss_rpn_bbox: 0.0036, s0.loss_cls: 0.0768, s0.acc: 97.5156, s0.loss_bbox: 0.0427, s1.loss_cls: 0.0399, s1.acc: 97.5516, s1.loss_bbox: 0.0456, s2.loss_cls: 0.0250, s2.acc: 97.1125, s2.loss_bbox: 0.0181, loss: 0.2586
2021-06-03 19:46:45,346 - mmdet - INFO - Epoch [1][1500/3752]	lr: 3.000e-03, eta: 4:25:08, time: 1.131, data_time: 0.003, memory: 2172, loss_rpn_cls: 0.0077, loss_rpn_bbox: 0.0039, s0.loss_cls: 0.0832, s0.acc: 97.3652, s0.loss_bbox: 0.0515, s1.loss_cls: 0.0435, s1.acc: 97.2481, s1.loss_bbox: 0.0550, s2.loss_cls: 0.0273, s2.acc: 96.4372, s2.loss_bbox: 0.0193, loss: 0.2914
2021-06-03 19:47:44,054 - mmdet - INFO - Epoch [1][1550/3752]	lr: 3.000e-03, eta: 4:24:08, time: 1.174, data_time: 0.003, memory: 2172, loss_rpn_cls: 0.0059, loss_rpn_bbox: 0.0039, s0.loss_cls: 0.0749, s0.acc: 97.4492, s0.loss_bbox: 0.0476, s1.loss_cls: 0.0392, s1.acc: 97.4096, s1.loss_bbox: 0.0518, s2.loss_cls: 0.0243, s2.acc: 96.8291, s2.loss_bbox: 0.0183, loss: 0.2658
2021-06-03 19:48:41,587 - mmdet - INFO - Epoch [1][1600/3752]	lr: 3.000e-03, eta: 4:22:57, time: 1.151, data_time: 0.003, memory: 2172, loss_rpn_cls: 0.0063, loss_rpn_bbox: 0.0035, s0.loss_cls: 0.0952, s0.acc: 97.3184, s0.loss_bbox: 0.0548, s1.loss_cls: 0.0446, s1.acc: 97.2465, s1.loss_bbox: 0.0520, s2.loss_cls: 0.0250, s2.acc: 96.9090, s2.loss_bbox: 0.0180, loss: 0.2994
2021-06-03 19:49:41,945 - mmdet - INFO - Epoch [1][1650/3752]	lr: 3.000e-03, eta: 4:22:11, time: 1.207, data_time: 0.003, memory: 2172, loss_rpn_cls: 0.0098, loss_rpn_bbox: 0.0041, s0.loss_cls: 0.0867, s0.acc: 97.2715, s0.loss_bbox: 0.0538, s1.loss_cls: 0.0433, s1.acc: 97.3555, s1.loss_bbox: 0.0514, s2.loss_cls: 0.0284, s2.acc: 96.8120, s2.loss_bbox: 0.0197, loss: 0.2971
2021-06-03 19:50:40,313 - mmdet - INFO - Epoch [1][1700/3752]	lr: 3.000e-03, eta: 4:21:08, time: 1.167, data_time: 0.003, memory: 2172, loss_rpn_cls: 0.0050, loss_rpn_bbox: 0.0031, s0.loss_cls: 0.0775, s0.acc: 97.5488, s0.loss_bbox: 0.0490, s1.loss_cls: 0.0385, s1.acc: 97.5552, s1.loss_bbox: 0.0479, s2.loss_cls: 0.0248, s2.acc: 97.2011, s2.loss_bbox: 0.0177, loss: 0.2635
2021-06-03 19:51:38,622 - mmdet - INFO - Epoch [1][1750/3752]	lr: 3.000e-03, eta: 4:20:05, time: 1.166, data_time: 0.003, memory: 2172, loss_rpn_cls: 0.0076, loss_rpn_bbox: 0.0030, s0.loss_cls: 0.0835, s0.acc: 97.4375, s0.loss_bbox: 0.0490, s1.loss_cls: 0.0413, s1.acc: 97.2909, s1.loss_bbox: 0.0431, s2.loss_cls: 0.0240, s2.acc: 97.2086, s2.loss_bbox: 0.0175, loss: 0.2690
2021-06-03 19:52:37,934 - mmdet - INFO - Epoch [1][1800/3752]	lr: 3.000e-03, eta: 4:19:09, time: 1.186, data_time: 0.003, memory: 2172, loss_rpn_cls: 0.0051, loss_rpn_bbox: 0.0029, s0.loss_cls: 0.0681, s0.acc: 97.7031, s0.loss_bbox: 0.0414, s1.loss_cls: 0.0347, s1.acc: 97.8927, s1.loss_bbox: 0.0466, s2.loss_cls: 0.0224, s2.acc: 97.3987, s2.loss_bbox: 0.0196, loss: 0.2410
2021-06-03 19:53:35,956 - mmdet - INFO - Epoch [1][1850/3752]	lr: 3.000e-03, eta: 4:18:04, time: 1.160, data_time: 0.003, memory: 2172, loss_rpn_cls: 0.0062, loss_rpn_bbox: 0.0038, s0.loss_cls: 0.0813, s0.acc: 97.2129, s0.loss_bbox: 0.0566, s1.loss_cls: 0.0405, s1.acc: 97.3453, s1.loss_bbox: 0.0529, s2.loss_cls: 0.0250, s2.acc: 97.1580, s2.loss_bbox: 0.0197, loss: 0.2859
2021-06-03 19:54:35,810 - mmdet - INFO - Epoch [1][1900/3752]	lr: 3.000e-03, eta: 4:17:13, time: 1.197, data_time: 0.003, memory: 2172, loss_rpn_cls: 0.0068, loss_rpn_bbox: 0.0041, s0.loss_cls: 0.0793, s0.acc: 97.4414, s0.loss_bbox: 0.0467, s1.loss_cls: 0.0415, s1.acc: 97.3081, s1.loss_bbox: 0.0472, s2.loss_cls: 0.0228, s2.acc: 97.0809, s2.loss_bbox: 0.0202, loss: 0.2688
2021-06-03 19:55:33,327 - mmdet - INFO - Epoch [1][1950/3752]	lr: 3.000e-03, eta: 4:16:05, time: 1.150, data_time: 0.003, memory: 2172, loss_rpn_cls: 0.0065, loss_rpn_bbox: 0.0039, s0.loss_cls: 0.0760, s0.acc: 97.5098, s0.loss_bbox: 0.0473, s1.loss_cls: 0.0381, s1.acc: 97.6059, s1.loss_bbox: 0.0461, s2.loss_cls: 0.0224, s2.acc: 97.0356, s2.loss_bbox: 0.0190, loss: 0.2592
2021-06-03 19:56:32,363 - mmdet - INFO - Exp name: cascade_rcnn_r101_fpn_dconv_c3-c5_1x_coco.py
2021-06-03 19:56:32,364 - mmdet - INFO - Epoch [1][2000/3752]	lr: 3.000e-03, eta: 4:15:07, time: 1.181, data_time: 0.003, memory: 2172, loss_rpn_cls: 0.0055, loss_rpn_bbox: 0.0035, s0.loss_cls: 0.0697, s0.acc: 97.5820, s0.loss_bbox: 0.0449, s1.loss_cls: 0.0365, s1.acc: 97.4755, s1.loss_bbox: 0.0460, s2.loss_cls: 0.0238, s2.acc: 97.0210, s2.loss_bbox: 0.0205, loss: 0.2504
2021-06-03 19:57:30,275 - mmdet - INFO - Epoch [1][2050/3752]	lr: 3.000e-03, eta: 4:14:02, time: 1.158, data_time: 0.003, memory: 2172, loss_rpn_cls: 0.0061, loss_rpn_bbox: 0.0034, s0.loss_cls: 0.0880, s0.acc: 97.5137, s0.loss_bbox: 0.0513, s1.loss_cls: 0.0393, s1.acc: 97.8215, s1.loss_bbox: 0.0419, s2.loss_cls: 0.0207, s2.acc: 97.8234, s2.loss_bbox: 0.0174, loss: 0.2681
2021-06-03 19:58:29,047 - mmdet - INFO - Epoch [1][2100/3752]	lr: 3.000e-03, eta: 4:13:03, time: 1.175, data_time: 0.003, memory: 2172, loss_rpn_cls: 0.0057, loss_rpn_bbox: 0.0038, s0.loss_cls: 0.0657, s0.acc: 97.6875, s0.loss_bbox: 0.0497, s1.loss_cls: 0.0342, s1.acc: 97.6767, s1.loss_bbox: 0.0489, s2.loss_cls: 0.0230, s2.acc: 96.9116, s2.loss_bbox: 0.0232, loss: 0.2543
2021-06-03 19:59:27,701 - mmdet - INFO - Epoch [1][2150/3752]	lr: 3.000e-03, eta: 4:12:04, time: 1.173, data_time: 0.003, memory: 2172, loss_rpn_cls: 0.0063, loss_rpn_bbox: 0.0036, s0.loss_cls: 0.0713, s0.acc: 97.5898, s0.loss_bbox: 0.0470, s1.loss_cls: 0.0356, s1.acc: 97.6206, s1.loss_bbox: 0.0458, s2.loss_cls: 0.0218, s2.acc: 97.3798, s2.loss_bbox: 0.0207, loss: 0.2520
2021-06-03 20:00:26,748 - mmdet - INFO - Epoch [1][2200/3752]	lr: 3.000e-03, eta: 4:11:06, time: 1.181, data_time: 0.003, memory: 2172, loss_rpn_cls: 0.0075, loss_rpn_bbox: 0.0044, s0.loss_cls: 0.0784, s0.acc: 97.3164, s0.loss_bbox: 0.0539, s1.loss_cls: 0.0381, s1.acc: 97.3456, s1.loss_bbox: 0.0492, s2.loss_cls: 0.0217, s2.acc: 96.8724, s2.loss_bbox: 0.0207, loss: 0.2739
2021-06-03 20:01:25,976 - mmdet - INFO - Epoch [1][2250/3752]	lr: 3.000e-03, eta: 4:10:10, time: 1.185, data_time: 0.003, memory: 2172, loss_rpn_cls: 0.0066, loss_rpn_bbox: 0.0042, s0.loss_cls: 0.0860, s0.acc: 96.9746, s0.loss_bbox: 0.0582, s1.loss_cls: 0.0435, s1.acc: 96.9439, s1.loss_bbox: 0.0562, s2.loss_cls: 0.0257, s2.acc: 96.3026, s2.loss_bbox: 0.0222, loss: 0.3027
2021-06-03 20:02:23,313 - mmdet - INFO - Epoch [1][2300/3752]	lr: 3.000e-03, eta: 4:09:03, time: 1.147, data_time: 0.003, memory: 2172, loss_rpn_cls: 0.0076, loss_rpn_bbox: 0.0039, s0.loss_cls: 0.0720, s0.acc: 97.5449, s0.loss_bbox: 0.0453, s1.loss_cls: 0.0347, s1.acc: 97.8237, s1.loss_bbox: 0.0423, s2.loss_cls: 0.0189, s2.acc: 97.5052, s2.loss_bbox: 0.0176, loss: 0.2422
2021-06-03 20:03:21,381 - mmdet - INFO - Epoch [1][2350/3752]	lr: 3.000e-03, eta: 4:08:00, time: 1.161, data_time: 0.003, memory: 2172, loss_rpn_cls: 0.0060, loss_rpn_bbox: 0.0035, s0.loss_cls: 0.0787, s0.acc: 97.2031, s0.loss_bbox: 0.0536, s1.loss_cls: 0.0405, s1.acc: 97.2840, s1.loss_bbox: 0.0584, s2.loss_cls: 0.0243, s2.acc: 96.7026, s2.loss_bbox: 0.0223, loss: 0.2871
2021-06-03 20:04:20,783 - mmdet - INFO - Epoch [1][2400/3752]	lr: 3.000e-03, eta: 4:07:04, time: 1.188, data_time: 0.003, memory: 2172, loss_rpn_cls: 0.0073, loss_rpn_bbox: 0.0047, s0.loss_cls: 0.0902, s0.acc: 97.0039, s0.loss_bbox: 0.0632, s1.loss_cls: 0.0430, s1.acc: 97.1896, s1.loss_bbox: 0.0562, s2.loss_cls: 0.0226, s2.acc: 96.9987, s2.loss_bbox: 0.0188, loss: 0.3060
2021-06-03 20:05:19,159 - mmdet - INFO - Epoch [1][2450/3752]	lr: 3.000e-03, eta: 4:06:03, time: 1.168, data_time: 0.003, memory: 2172, loss_rpn_cls: 0.0050, loss_rpn_bbox: 0.0033, s0.loss_cls: 0.0698, s0.acc: 97.7031, s0.loss_bbox: 0.0445, s1.loss_cls: 0.0325, s1.acc: 98.0351, s1.loss_bbox: 0.0431, s2.loss_cls: 0.0205, s2.acc: 97.3448, s2.loss_bbox: 0.0179, loss: 0.2365
2021-06-03 20:06:17,927 - mmdet - INFO - Epoch [1][2500/3752]	lr: 3.000e-03, eta: 4:05:05, time: 1.175, data_time: 0.003, memory: 2172, loss_rpn_cls: 0.0046, loss_rpn_bbox: 0.0032, s0.loss_cls: 0.0609, s0.acc: 97.8242, s0.loss_bbox: 0.0436, s1.loss_cls: 0.0304, s1.acc: 97.8551, s1.loss_bbox: 0.0452, s2.loss_cls: 0.0199, s2.acc: 97.3941, s2.loss_bbox: 0.0194, loss: 0.2271
2021-06-03 20:07:17,382 - mmdet - INFO - Epoch [1][2550/3752]	lr: 3.000e-03, eta: 4:04:09, time: 1.189, data_time: 0.003, memory: 2172, loss_rpn_cls: 0.0054, loss_rpn_bbox: 0.0031, s0.loss_cls: 0.0692, s0.acc: 97.7520, s0.loss_bbox: 0.0399, s1.loss_cls: 0.0321, s1.acc: 97.8876, s1.loss_bbox: 0.0409, s2.loss_cls: 0.0187, s2.acc: 97.5958, s2.loss_bbox: 0.0150, loss: 0.2243
2021-06-03 20:08:15,516 - mmdet - INFO - Epoch [1][2600/3752]	lr: 3.000e-03, eta: 4:03:07, time: 1.163, data_time: 0.003, memory: 2172, loss_rpn_cls: 0.0058, loss_rpn_bbox: 0.0031, s0.loss_cls: 0.0752, s0.acc: 97.4160, s0.loss_bbox: 0.0462, s1.loss_cls: 0.0368, s1.acc: 97.5965, s1.loss_bbox: 0.0467, s2.loss_cls: 0.0215, s2.acc: 97.1707, s2.loss_bbox: 0.0178, loss: 0.2530
2021-06-03 20:09:14,034 - mmdet - INFO - Epoch [1][2650/3752]	lr: 3.000e-03, eta: 4:02:07, time: 1.170, data_time: 0.003, memory: 2172, loss_rpn_cls: 0.0048, loss_rpn_bbox: 0.0028, s0.loss_cls: 0.0674, s0.acc: 97.7207, s0.loss_bbox: 0.0434, s1.loss_cls: 0.0335, s1.acc: 97.6664, s1.loss_bbox: 0.0465, s2.loss_cls: 0.0212, s2.acc: 97.0524, s2.loss_bbox: 0.0167, loss: 0.2363
2021-06-03 20:10:13,183 - mmdet - INFO - Epoch [1][2700/3752]	lr: 3.000e-03, eta: 4:01:10, time: 1.183, data_time: 0.003, memory: 2172, loss_rpn_cls: 0.0043, loss_rpn_bbox: 0.0036, s0.loss_cls: 0.0605, s0.acc: 97.9102, s0.loss_bbox: 0.0436, s1.loss_cls: 0.0294, s1.acc: 98.0497, s1.loss_bbox: 0.0451, s2.loss_cls: 0.0199, s2.acc: 97.2229, s2.loss_bbox: 0.0207, loss: 0.2271
2021-06-03 20:11:12,050 - mmdet - INFO - Epoch [1][2750/3752]	lr: 3.000e-03, eta: 4:00:12, time: 1.177, data_time: 0.003, memory: 2172, loss_rpn_cls: 0.0067, loss_rpn_bbox: 0.0034, s0.loss_cls: 0.0695, s0.acc: 97.5938, s0.loss_bbox: 0.0507, s1.loss_cls: 0.0358, s1.acc: 97.5119, s1.loss_bbox: 0.0489, s2.loss_cls: 0.0211, s2.acc: 97.0129, s2.loss_bbox: 0.0188, loss: 0.2549
2021-06-03 20:12:11,192 - mmdet - INFO - Epoch [1][2800/3752]	lr: 3.000e-03, eta: 3:59:14, time: 1.183, data_time: 0.003, memory: 2172, loss_rpn_cls: 0.0081, loss_rpn_bbox: 0.0032, s0.loss_cls: 0.0719, s0.acc: 97.6934, s0.loss_bbox: 0.0459, s1.loss_cls: 0.0338, s1.acc: 97.7471, s1.loss_bbox: 0.0493, s2.loss_cls: 0.0201, s2.acc: 97.2010, s2.loss_bbox: 0.0189, loss: 0.2512
2021-06-03 20:13:10,584 - mmdet - INFO - Epoch [1][2850/3752]	lr: 3.000e-03, eta: 3:58:18, time: 1.188, data_time: 0.003, memory: 2172, loss_rpn_cls: 0.0034, loss_rpn_bbox: 0.0028, s0.loss_cls: 0.0580, s0.acc: 98.0566, s0.loss_bbox: 0.0387, s1.loss_cls: 0.0305, s1.acc: 97.9878, s1.loss_bbox: 0.0416, s2.loss_cls: 0.0183, s2.acc: 97.5579, s2.loss_bbox: 0.0175, loss: 0.2110
2021-06-03 20:14:09,139 - mmdet - INFO - Epoch [1][2900/3752]	lr: 3.000e-03, eta: 3:57:18, time: 1.171, data_time: 0.003, memory: 2172, loss_rpn_cls: 0.0074, loss_rpn_bbox: 0.0031, s0.loss_cls: 0.0730, s0.acc: 97.4160, s0.loss_bbox: 0.0533, s1.loss_cls: 0.0379, s1.acc: 97.4750, s1.loss_bbox: 0.0520, s2.loss_cls: 0.0198, s2.acc: 97.1009, s2.loss_bbox: 0.0187, loss: 0.2652
2021-06-03 20:15:07,292 - mmdet - INFO - Epoch [1][2950/3752]	lr: 3.000e-03, eta: 3:56:17, time: 1.163, data_time: 0.003, memory: 2172, loss_rpn_cls: 0.0058, loss_rpn_bbox: 0.0027, s0.loss_cls: 0.0630, s0.acc: 97.8164, s0.loss_bbox: 0.0386, s1.loss_cls: 0.0342, s1.acc: 97.6395, s1.loss_bbox: 0.0397, s2.loss_cls: 0.0181, s2.acc: 97.4317, s2.loss_bbox: 0.0143, loss: 0.2164
2021-06-03 20:16:05,958 - mmdet - INFO - Exp name: cascade_rcnn_r101_fpn_dconv_c3-c5_1x_coco.py
2021-06-03 20:16:05,959 - mmdet - INFO - Epoch [1][3000/3752]	lr: 3.000e-03, eta: 3:55:18, time: 1.173, data_time: 0.003, memory: 2172, loss_rpn_cls: 0.0058, loss_rpn_bbox: 0.0030, s0.loss_cls: 0.0677, s0.acc: 97.6934, s0.loss_bbox: 0.0411, s1.loss_cls: 0.0345, s1.acc: 97.6374, s1.loss_bbox: 0.0447, s2.loss_cls: 0.0202, s2.acc: 97.0591, s2.loss_bbox: 0.0186, loss: 0.2355
2021-06-03 20:17:04,718 - mmdet - INFO - Epoch [1][3050/3752]	lr: 3.000e-03, eta: 3:54:19, time: 1.175, data_time: 0.003, memory: 2172, loss_rpn_cls: 0.0049, loss_rpn_bbox: 0.0026, s0.loss_cls: 0.0611, s0.acc: 97.8203, s0.loss_bbox: 0.0352, s1.loss_cls: 0.0309, s1.acc: 97.8527, s1.loss_bbox: 0.0403, s2.loss_cls: 0.0174, s2.acc: 97.5407, s2.loss_bbox: 0.0194, loss: 0.2118
2021-06-03 20:18:04,477 - mmdet - INFO - Epoch [1][3100/3752]	lr: 3.000e-03, eta: 3:53:24, time: 1.195, data_time: 0.003, memory: 2172, loss_rpn_cls: 0.0059, loss_rpn_bbox: 0.0041, s0.loss_cls: 0.0722, s0.acc: 97.4375, s0.loss_bbox: 0.0433, s1.loss_cls: 0.0361, s1.acc: 97.3880, s1.loss_bbox: 0.0470, s2.loss_cls: 0.0203, s2.acc: 96.8895, s2.loss_bbox: 0.0199, loss: 0.2489
2021-06-03 20:19:04,527 - mmdet - INFO - Epoch [1][3150/3752]	lr: 3.000e-03, eta: 3:52:30, time: 1.201, data_time: 0.003, memory: 2172, loss_rpn_cls: 0.0043, loss_rpn_bbox: 0.0024, s0.loss_cls: 0.0680, s0.acc: 97.5117, s0.loss_bbox: 0.0425, s1.loss_cls: 0.0376, s1.acc: 97.2461, s1.loss_bbox: 0.0441, s2.loss_cls: 0.0219, s2.acc: 96.7933, s2.loss_bbox: 0.0212, loss: 0.2420
2021-06-03 20:20:04,251 - mmdet - INFO - Epoch [1][3200/3752]	lr: 3.000e-03, eta: 3:51:34, time: 1.194, data_time: 0.003, memory: 2172, loss_rpn_cls: 0.0046, loss_rpn_bbox: 0.0026, s0.loss_cls: 0.0638, s0.acc: 97.7988, s0.loss_bbox: 0.0394, s1.loss_cls: 0.0341, s1.acc: 97.8613, s1.loss_bbox: 0.0442, s2.loss_cls: 0.0221, s2.acc: 96.7754, s2.loss_bbox: 0.0186, loss: 0.2294
2021-06-03 20:21:03,886 - mmdet - INFO - Epoch [1][3250/3752]	lr: 3.000e-03, eta: 3:50:38, time: 1.193, data_time: 0.003, memory: 2172, loss_rpn_cls: 0.0063, loss_rpn_bbox: 0.0033, s0.loss_cls: 0.0629, s0.acc: 97.8594, s0.loss_bbox: 0.0420, s1.loss_cls: 0.0322, s1.acc: 97.9049, s1.loss_bbox: 0.0435, s2.loss_cls: 0.0184, s2.acc: 97.4028, s2.loss_bbox: 0.0172, loss: 0.2257
2021-06-03 20:22:02,766 - mmdet - INFO - Epoch [1][3300/3752]	lr: 3.000e-03, eta: 3:49:39, time: 1.178, data_time: 0.003, memory: 2172, loss_rpn_cls: 0.0043, loss_rpn_bbox: 0.0032, s0.loss_cls: 0.0638, s0.acc: 97.6914, s0.loss_bbox: 0.0460, s1.loss_cls: 0.0303, s1.acc: 97.8796, s1.loss_bbox: 0.0463, s2.loss_cls: 0.0193, s2.acc: 97.3056, s2.loss_bbox: 0.0213, loss: 0.2346
2021-06-03 20:23:03,064 - mmdet - INFO - Epoch [1][3350/3752]	lr: 3.000e-03, eta: 3:48:46, time: 1.206, data_time: 0.003, memory: 2172, loss_rpn_cls: 0.0038, loss_rpn_bbox: 0.0023, s0.loss_cls: 0.0552, s0.acc: 98.0840, s0.loss_bbox: 0.0378, s1.loss_cls: 0.0271, s1.acc: 98.1543, s1.loss_bbox: 0.0395, s2.loss_cls: 0.0163, s2.acc: 97.6738, s2.loss_bbox: 0.0186, loss: 0.2006
2021-06-03 20:24:02,148 - mmdet - INFO - Epoch [1][3400/3752]	lr: 3.000e-03, eta: 3:47:47, time: 1.182, data_time: 0.003, memory: 2172, loss_rpn_cls: 0.0054, loss_rpn_bbox: 0.0027, s0.loss_cls: 0.0729, s0.acc: 97.4961, s0.loss_bbox: 0.0498, s1.loss_cls: 0.0373, s1.acc: 97.5644, s1.loss_bbox: 0.0500, s2.loss_cls: 0.0212, s2.acc: 97.0471, s2.loss_bbox: 0.0224, loss: 0.2617
2021-06-03 20:25:01,622 - mmdet - INFO - Epoch [1][3450/3752]	lr: 3.000e-03, eta: 3:46:51, time: 1.189, data_time: 0.003, memory: 2172, loss_rpn_cls: 0.0051, loss_rpn_bbox: 0.0028, s0.loss_cls: 0.0705, s0.acc: 97.5820, s0.loss_bbox: 0.0444, s1.loss_cls: 0.0342, s1.acc: 97.6973, s1.loss_bbox: 0.0404, s2.loss_cls: 0.0189, s2.acc: 97.4211, s2.loss_bbox: 0.0188, loss: 0.2350
2021-06-03 20:26:01,727 - mmdet - INFO - Epoch [1][3500/3752]	lr: 3.000e-03, eta: 3:45:56, time: 1.202, data_time: 0.003, memory: 2172, loss_rpn_cls: 0.0048, loss_rpn_bbox: 0.0036, s0.loss_cls: 0.0669, s0.acc: 97.6445, s0.loss_bbox: 0.0491, s1.loss_cls: 0.0325, s1.acc: 97.6992, s1.loss_bbox: 0.0468, s2.loss_cls: 0.0188, s2.acc: 97.2715, s2.loss_bbox: 0.0215, loss: 0.2440
2021-06-03 20:27:01,508 - mmdet - INFO - Epoch [1][3550/3752]	lr: 3.000e-03, eta: 3:45:00, time: 1.196, data_time: 0.003, memory: 2172, loss_rpn_cls: 0.0062, loss_rpn_bbox: 0.0042, s0.loss_cls: 0.0687, s0.acc: 97.5547, s0.loss_bbox: 0.0446, s1.loss_cls: 0.0321, s1.acc: 97.5793, s1.loss_bbox: 0.0457, s2.loss_cls: 0.0175, s2.acc: 97.5096, s2.loss_bbox: 0.0205, loss: 0.2395
2021-06-03 20:28:01,469 - mmdet - INFO - Epoch [1][3600/3752]	lr: 3.000e-03, eta: 3:44:04, time: 1.199, data_time: 0.003, memory: 2172, loss_rpn_cls: 0.0039, loss_rpn_bbox: 0.0027, s0.loss_cls: 0.0535, s0.acc: 98.1094, s0.loss_bbox: 0.0372, s1.loss_cls: 0.0270, s1.acc: 98.0623, s1.loss_bbox: 0.0385, s2.loss_cls: 0.0172, s2.acc: 97.3376, s2.loss_bbox: 0.0177, loss: 0.1978
2021-06-03 20:28:59,848 - mmdet - INFO - Epoch [1][3650/3752]	lr: 3.000e-03, eta: 3:43:03, time: 1.168, data_time: 0.003, memory: 2172, loss_rpn_cls: 0.0070, loss_rpn_bbox: 0.0041, s0.loss_cls: 0.0924, s0.acc: 96.9141, s0.loss_bbox: 0.0606, s1.loss_cls: 0.0448, s1.acc: 96.8261, s1.loss_bbox: 0.0585, s2.loss_cls: 0.0255, s2.acc: 96.2156, s2.loss_bbox: 0.0262, loss: 0.3191
2021-06-03 20:29:58,722 - mmdet - INFO - Epoch [1][3700/3752]	lr: 3.000e-03, eta: 3:42:04, time: 1.177, data_time: 0.003, memory: 2172, loss_rpn_cls: 0.0040, loss_rpn_bbox: 0.0024, s0.loss_cls: 0.0659, s0.acc: 97.8477, s0.loss_bbox: 0.0362, s1.loss_cls: 0.0347, s1.acc: 97.8177, s1.loss_bbox: 0.0402, s2.loss_cls: 0.0201, s2.acc: 97.4188, s2.loss_bbox: 0.0180, loss: 0.2216
2021-06-03 20:30:58,419 - mmdet - INFO - Epoch [1][3750/3752]	lr: 3.000e-03, eta: 3:41:08, time: 1.194, data_time: 0.003, memory: 2172, loss_rpn_cls: 0.0032, loss_rpn_bbox: 0.0026, s0.loss_cls: 0.0486, s0.acc: 98.2344, s0.loss_bbox: 0.0365, s1.loss_cls: 0.0258, s1.acc: 98.0937, s1.loss_bbox: 0.0432, s2.loss_cls: 0.0167, s2.acc: 97.4418, s2.loss_bbox: 0.0190, loss: 0.1955
2021-06-03 20:31:00,947 - mmdet - INFO - Saving checkpoint at 1 epochs
2021-06-03 20:40:52,354 - mmdet - INFO - 
+-------------+------+------+--------+-------+
| class       | gts  | dets | recall | ap    |
+-------------+------+------+--------+-------+
| aeroplane   | 155  | 360  | 0.935  | 0.867 |
| bicycle     | 177  | 412  | 0.927  | 0.849 |
| bird        | 243  | 422  | 0.823  | 0.717 |
| boat        | 150  | 369  | 0.840  | 0.743 |
| bottle      | 252  | 611  | 0.806  | 0.702 |
| bus         | 114  | 289  | 0.877  | 0.799 |
| car         | 625  | 1742 | 0.928  | 0.859 |
| cat         | 190  | 378  | 0.932  | 0.847 |
| chair       | 398  | 1000 | 0.794  | 0.651 |
| cow         | 123  | 264  | 0.927  | 0.822 |
| diningtable | 112  | 435  | 0.920  | 0.688 |
| dog         | 257  | 535  | 0.918  | 0.814 |
| horse       | 180  | 322  | 0.939  | 0.879 |
| motorbike   | 172  | 538  | 0.953  | 0.859 |
| person      | 2332 | 4103 | 0.915  | 0.854 |
| pottedplant | 266  | 528  | 0.707  | 0.554 |
| sheep       | 127  | 363  | 0.874  | 0.727 |
| sofa        | 124  | 305  | 0.911  | 0.791 |
| train       | 152  | 340  | 0.947  | 0.883 |
| tvmonitor   | 158  | 436  | 0.905  | 0.794 |
+-------------+------+------+--------+-------+
| mAP         |      |      |        | 0.785 |
+-------------+------+------+--------+-------+
2021-06-03 20:40:52,363 - mmdet - INFO - Exp name: cascade_rcnn_r101_fpn_dconv_c3-c5_1x_coco.py
2021-06-03 20:40:52,366 - mmdet - INFO - Epoch(val) [1][3752]	AP50: 0.7850, mAP: 0.7849
2021-06-03 20:41:55,240 - mmdet - INFO - Epoch [2][50/3752]	lr: 3.000e-03, eta: 3:40:11, time: 1.257, data_time: 0.044, memory: 2172, loss_rpn_cls: 0.0036, loss_rpn_bbox: 0.0027, s0.loss_cls: 0.0457, s0.acc: 98.2363, s0.loss_bbox: 0.0345, s1.loss_cls: 0.0225, s1.acc: 98.3526, s1.loss_bbox: 0.0405, s2.loss_cls: 0.0156, s2.acc: 97.6446, s2.loss_bbox: 0.0217, loss: 0.1867
2021-06-03 20:42:54,351 - mmdet - INFO - Epoch [2][100/3752]	lr: 3.000e-03, eta: 3:39:13, time: 1.182, data_time: 0.003, memory: 2172, loss_rpn_cls: 0.0036, loss_rpn_bbox: 0.0030, s0.loss_cls: 0.0497, s0.acc: 98.1797, s0.loss_bbox: 0.0402, s1.loss_cls: 0.0244, s1.acc: 98.1676, s1.loss_bbox: 0.0416, s2.loss_cls: 0.0160, s2.acc: 97.6963, s2.loss_bbox: 0.0194, loss: 0.1979
2021-06-03 20:43:53,908 - mmdet - INFO - Epoch [2][150/3752]	lr: 3.000e-03, eta: 3:38:15, time: 1.191, data_time: 0.003, memory: 2172, loss_rpn_cls: 0.0044, loss_rpn_bbox: 0.0027, s0.loss_cls: 0.0522, s0.acc: 98.0703, s0.loss_bbox: 0.0353, s1.loss_cls: 0.0252, s1.acc: 98.2105, s1.loss_bbox: 0.0377, s2.loss_cls: 0.0150, s2.acc: 98.0086, s2.loss_bbox: 0.0192, loss: 0.1917
2021-06-03 20:44:51,835 - mmdet - INFO - Epoch [2][200/3752]	lr: 3.000e-03, eta: 3:37:14, time: 1.159, data_time: 0.003, memory: 2172, loss_rpn_cls: 0.0051, loss_rpn_bbox: 0.0032, s0.loss_cls: 0.0627, s0.acc: 97.6875, s0.loss_bbox: 0.0477, s1.loss_cls: 0.0334, s1.acc: 97.5242, s1.loss_bbox: 0.0442, s2.loss_cls: 0.0184, s2.acc: 97.4525, s2.loss_bbox: 0.0191, loss: 0.2339
2021-06-03 20:45:50,486 - mmdet - INFO - Epoch [2][250/3752]	lr: 3.000e-03, eta: 3:36:14, time: 1.173, data_time: 0.003, memory: 2172, loss_rpn_cls: 0.0045, loss_rpn_bbox: 0.0028, s0.loss_cls: 0.0573, s0.acc: 97.8750, s0.loss_bbox: 0.0378, s1.loss_cls: 0.0301, s1.acc: 97.7410, s1.loss_bbox: 0.0396, s2.loss_cls: 0.0169, s2.acc: 97.4470, s2.loss_bbox: 0.0192, loss: 0.2083
2021-06-03 20:46:50,382 - mmdet - INFO - Epoch [2][300/3752]	lr: 3.000e-03, eta: 3:35:17, time: 1.198, data_time: 0.003, memory: 2172, loss_rpn_cls: 0.0050, loss_rpn_bbox: 0.0029, s0.loss_cls: 0.0532, s0.acc: 98.2168, s0.loss_bbox: 0.0349, s1.loss_cls: 0.0244, s1.acc: 98.3941, s1.loss_bbox: 0.0376, s2.loss_cls: 0.0159, s2.acc: 97.7255, s2.loss_bbox: 0.0196, loss: 0.1935
2021-06-03 20:47:49,734 - mmdet - INFO - Epoch [2][350/3752]	lr: 3.000e-03, eta: 3:34:19, time: 1.187, data_time: 0.003, memory: 2172, loss_rpn_cls: 0.0037, loss_rpn_bbox: 0.0029, s0.loss_cls: 0.0477, s0.acc: 98.2285, s0.loss_bbox: 0.0347, s1.loss_cls: 0.0252, s1.acc: 98.1084, s1.loss_bbox: 0.0348, s2.loss_cls: 0.0140, s2.acc: 97.9186, s2.loss_bbox: 0.0177, loss: 0.1807
2021-06-03 20:48:49,583 - mmdet - INFO - Epoch [2][400/3752]	lr: 3.000e-03, eta: 3:33:23, time: 1.197, data_time: 0.003, memory: 2172, loss_rpn_cls: 0.0031, loss_rpn_bbox: 0.0021, s0.loss_cls: 0.0427, s0.acc: 98.4902, s0.loss_bbox: 0.0329, s1.loss_cls: 0.0220, s1.acc: 98.5223, s1.loss_bbox: 0.0356, s2.loss_cls: 0.0133, s2.acc: 98.1361, s2.loss_bbox: 0.0191, loss: 0.1709
2021-06-03 20:49:47,545 - mmdet - INFO - Epoch [2][450/3752]	lr: 3.000e-03, eta: 3:32:21, time: 1.159, data_time: 0.003, memory: 2172, loss_rpn_cls: 0.0070, loss_rpn_bbox: 0.0033, s0.loss_cls: 0.0691, s0.acc: 97.5020, s0.loss_bbox: 0.0480, s1.loss_cls: 0.0341, s1.acc: 97.4959, s1.loss_bbox: 0.0450, s2.loss_cls: 0.0181, s2.acc: 97.3338, s2.loss_bbox: 0.0182, loss: 0.2427
2021-06-03 20:50:46,081 - mmdet - INFO - Epoch [2][500/3752]	lr: 3.000e-03, eta: 3:31:21, time: 1.171, data_time: 0.003, memory: 2172, loss_rpn_cls: 0.0029, loss_rpn_bbox: 0.0022, s0.loss_cls: 0.0444, s0.acc: 98.4160, s0.loss_bbox: 0.0297, s1.loss_cls: 0.0227, s1.acc: 98.4883, s1.loss_bbox: 0.0351, s2.loss_cls: 0.0145, s2.acc: 97.7694, s2.loss_bbox: 0.0177, loss: 0.1692
2021-06-03 20:51:43,274 - mmdet - INFO - Epoch [2][550/3752]	lr: 3.000e-03, eta: 3:30:18, time: 1.144, data_time: 0.003, memory: 2172, loss_rpn_cls: 0.0059, loss_rpn_bbox: 0.0028, s0.loss_cls: 0.0509, s0.acc: 98.0293, s0.loss_bbox: 0.0388, s1.loss_cls: 0.0263, s1.acc: 98.0955, s1.loss_bbox: 0.0421, s2.loss_cls: 0.0151, s2.acc: 97.8932, s2.loss_bbox: 0.0206, loss: 0.2025
2021-06-03 20:52:43,769 - mmdet - INFO - Epoch [2][600/3752]	lr: 3.000e-03, eta: 3:29:23, time: 1.210, data_time: 0.003, memory: 2172, loss_rpn_cls: 0.0034, loss_rpn_bbox: 0.0023, s0.loss_cls: 0.0463, s0.acc: 98.4199, s0.loss_bbox: 0.0276, s1.loss_cls: 0.0223, s1.acc: 98.4902, s1.loss_bbox: 0.0298, s2.loss_cls: 0.0128, s2.acc: 98.4434, s2.loss_bbox: 0.0151, loss: 0.1595
2021-06-03 20:53:42,539 - mmdet - INFO - Epoch [2][650/3752]	lr: 3.000e-03, eta: 3:28:23, time: 1.175, data_time: 0.003, memory: 2172, loss_rpn_cls: 0.0037, loss_rpn_bbox: 0.0026, s0.loss_cls: 0.0527, s0.acc: 98.1816, s0.loss_bbox: 0.0367, s1.loss_cls: 0.0262, s1.acc: 98.2901, s1.loss_bbox: 0.0380, s2.loss_cls: 0.0166, s2.acc: 97.7292, s2.loss_bbox: 0.0175, loss: 0.1938
2021-06-03 20:54:42,095 - mmdet - INFO - Epoch [2][700/3752]	lr: 3.000e-03, eta: 3:27:26, time: 1.191, data_time: 0.003, memory: 2172, loss_rpn_cls: 0.0048, loss_rpn_bbox: 0.0021, s0.loss_cls: 0.0532, s0.acc: 98.2422, s0.loss_bbox: 0.0303, s1.loss_cls: 0.0264, s1.acc: 98.2958, s1.loss_bbox: 0.0285, s2.loss_cls: 0.0155, s2.acc: 97.9534, s2.loss_bbox: 0.0149, loss: 0.1758
2021-06-03 20:55:40,429 - mmdet - INFO - Epoch [2][750/3752]	lr: 3.000e-03, eta: 3:26:26, time: 1.167, data_time: 0.003, memory: 2172, loss_rpn_cls: 0.0038, loss_rpn_bbox: 0.0026, s0.loss_cls: 0.0505, s0.acc: 98.2637, s0.loss_bbox: 0.0358, s1.loss_cls: 0.0242, s1.acc: 98.2868, s1.loss_bbox: 0.0380, s2.loss_cls: 0.0146, s2.acc: 97.9124, s2.loss_bbox: 0.0183, loss: 0.1879
2021-06-03 20:56:39,083 - mmdet - INFO - Epoch [2][800/3752]	lr: 3.000e-03, eta: 3:25:26, time: 1.173, data_time: 0.003, memory: 2172, loss_rpn_cls: 0.0054, loss_rpn_bbox: 0.0029, s0.loss_cls: 0.0516, s0.acc: 98.0840, s0.loss_bbox: 0.0395, s1.loss_cls: 0.0249, s1.acc: 98.1261, s1.loss_bbox: 0.0373, s2.loss_cls: 0.0147, s2.acc: 97.8923, s2.loss_bbox: 0.0168, loss: 0.1932
2021-06-03 20:57:37,917 - mmdet - INFO - Epoch [2][850/3752]	lr: 3.000e-03, eta: 3:24:27, time: 1.177, data_time: 0.003, memory: 2172, loss_rpn_cls: 0.0044, loss_rpn_bbox: 0.0034, s0.loss_cls: 0.0489, s0.acc: 98.2656, s0.loss_bbox: 0.0403, s1.loss_cls: 0.0232, s1.acc: 98.3055, s1.loss_bbox: 0.0378, s2.loss_cls: 0.0138, s2.acc: 98.1196, s2.loss_bbox: 0.0196, loss: 0.1915
2021-06-03 20:58:38,499 - mmdet - INFO - Epoch [2][900/3752]	lr: 3.000e-03, eta: 3:23:31, time: 1.212, data_time: 0.003, memory: 2172, loss_rpn_cls: 0.0025, loss_rpn_bbox: 0.0026, s0.loss_cls: 0.0444, s0.acc: 98.3438, s0.loss_bbox: 0.0334, s1.loss_cls: 0.0219, s1.acc: 98.5284, s1.loss_bbox: 0.0370, s2.loss_cls: 0.0143, s2.acc: 97.8197, s2.loss_bbox: 0.0177, loss: 0.1737
2021-06-03 20:59:36,538 - mmdet - INFO - Epoch [2][950/3752]	lr: 3.000e-03, eta: 3:22:30, time: 1.161, data_time: 0.003, memory: 2172, loss_rpn_cls: 0.0051, loss_rpn_bbox: 0.0034, s0.loss_cls: 0.0649, s0.acc: 97.6992, s0.loss_bbox: 0.0423, s1.loss_cls: 0.0309, s1.acc: 97.9501, s1.loss_bbox: 0.0479, s2.loss_cls: 0.0181, s2.acc: 97.3375, s2.loss_bbox: 0.0213, loss: 0.2339
2021-06-03 21:00:34,812 - mmdet - INFO - Epoch [2][1000/3752]	lr: 3.000e-03, eta: 3:21:30, time: 1.165, data_time: 0.003, memory: 2172, loss_rpn_cls: 0.0025, loss_rpn_bbox: 0.0024, s0.loss_cls: 0.0427, s0.acc: 98.4316, s0.loss_bbox: 0.0307, s1.loss_cls: 0.0222, s1.acc: 98.3805, s1.loss_bbox: 0.0361, s2.loss_cls: 0.0148, s2.acc: 97.6850, s2.loss_bbox: 0.0181, loss: 0.1695
2021-06-03 21:01:31,986 - mmdet - INFO - Epoch [2][1050/3752]	lr: 3.000e-03, eta: 3:20:27, time: 1.143, data_time: 0.003, memory: 2172, loss_rpn_cls: 0.0036, loss_rpn_bbox: 0.0027, s0.loss_cls: 0.0537, s0.acc: 97.9629, s0.loss_bbox: 0.0378, s1.loss_cls: 0.0257, s1.acc: 98.2192, s1.loss_bbox: 0.0422, s2.loss_cls: 0.0156, s2.acc: 97.7730, s2.loss_bbox: 0.0209, loss: 0.2022
2021-06-03 21:02:30,878 - mmdet - INFO - Epoch [2][1100/3752]	lr: 3.000e-03, eta: 3:19:28, time: 1.178, data_time: 0.003, memory: 2172, loss_rpn_cls: 0.0023, loss_rpn_bbox: 0.0029, s0.loss_cls: 0.0476, s0.acc: 98.2500, s0.loss_bbox: 0.0339, s1.loss_cls: 0.0252, s1.acc: 98.1831, s1.loss_bbox: 0.0362, s2.loss_cls: 0.0144, s2.acc: 97.9004, s2.loss_bbox: 0.0185, loss: 0.1809
2021-06-03 21:03:28,844 - mmdet - INFO - Epoch [2][1150/3752]	lr: 3.000e-03, eta: 3:18:27, time: 1.159, data_time: 0.003, memory: 2172, loss_rpn_cls: 0.0036, loss_rpn_bbox: 0.0025, s0.loss_cls: 0.0538, s0.acc: 98.0918, s0.loss_bbox: 0.0327, s1.loss_cls: 0.0283, s1.acc: 98.1170, s1.loss_bbox: 0.0359, s2.loss_cls: 0.0165, s2.acc: 97.6039, s2.loss_bbox: 0.0178, loss: 0.1912
2021-06-03 21:04:28,637 - mmdet - INFO - Epoch [2][1200/3752]	lr: 3.000e-03, eta: 3:17:30, time: 1.196, data_time: 0.003, memory: 2172, loss_rpn_cls: 0.0056, loss_rpn_bbox: 0.0032, s0.loss_cls: 0.0569, s0.acc: 97.8008, s0.loss_bbox: 0.0442, s1.loss_cls: 0.0290, s1.acc: 97.8504, s1.loss_bbox: 0.0477, s2.loss_cls: 0.0175, s2.acc: 97.3507, s2.loss_bbox: 0.0221, loss: 0.2262
2021-06-03 21:05:26,545 - mmdet - INFO - Epoch [2][1250/3752]	lr: 3.000e-03, eta: 3:16:29, time: 1.158, data_time: 0.003, memory: 2172, loss_rpn_cls: 0.0031, loss_rpn_bbox: 0.0025, s0.loss_cls: 0.0446, s0.acc: 98.4062, s0.loss_bbox: 0.0350, s1.loss_cls: 0.0233, s1.acc: 98.3480, s1.loss_bbox: 0.0392, s2.loss_cls: 0.0142, s2.acc: 98.0410, s2.loss_bbox: 0.0173, loss: 0.1792
2021-06-03 21:06:24,084 - mmdet - INFO - Epoch [2][1300/3752]	lr: 3.000e-03, eta: 3:15:28, time: 1.151, data_time: 0.003, memory: 2172, loss_rpn_cls: 0.0031, loss_rpn_bbox: 0.0028, s0.loss_cls: 0.0539, s0.acc: 98.0039, s0.loss_bbox: 0.0415, s1.loss_cls: 0.0275, s1.acc: 98.0168, s1.loss_bbox: 0.0455, s2.loss_cls: 0.0161, s2.acc: 97.5317, s2.loss_bbox: 0.0233, loss: 0.2136
2021-06-03 21:07:20,619 - mmdet - INFO - Epoch [2][1350/3752]	lr: 3.000e-03, eta: 3:14:24, time: 1.131, data_time: 0.003, memory: 2172, loss_rpn_cls: 0.0049, loss_rpn_bbox: 0.0032, s0.loss_cls: 0.0558, s0.acc: 97.9883, s0.loss_bbox: 0.0420, s1.loss_cls: 0.0271, s1.acc: 98.0212, s1.loss_bbox: 0.0455, s2.loss_cls: 0.0159, s2.acc: 97.6187, s2.loss_bbox: 0.0185, loss: 0.2129
2021-06-03 21:08:20,144 - mmdet - INFO - Epoch [2][1400/3752]	lr: 3.000e-03, eta: 3:13:27, time: 1.190, data_time: 0.003, memory: 2172, loss_rpn_cls: 0.0032, loss_rpn_bbox: 0.0027, s0.loss_cls: 0.0437, s0.acc: 98.3828, s0.loss_bbox: 0.0333, s1.loss_cls: 0.0224, s1.acc: 98.3133, s1.loss_bbox: 0.0376, s2.loss_cls: 0.0152, s2.acc: 97.8303, s2.loss_bbox: 0.0175, loss: 0.1755
2021-06-03 21:09:19,498 - mmdet - INFO - Epoch [2][1450/3752]	lr: 3.000e-03, eta: 3:12:29, time: 1.187, data_time: 0.003, memory: 2172, loss_rpn_cls: 0.0033, loss_rpn_bbox: 0.0031, s0.loss_cls: 0.0546, s0.acc: 98.0254, s0.loss_bbox: 0.0383, s1.loss_cls: 0.0260, s1.acc: 98.1862, s1.loss_bbox: 0.0424, s2.loss_cls: 0.0162, s2.acc: 97.5125, s2.loss_bbox: 0.0211, loss: 0.2050
2021-06-03 21:10:19,412 - mmdet - INFO - Epoch [2][1500/3752]	lr: 3.000e-03, eta: 3:11:32, time: 1.198, data_time: 0.003, memory: 2172, loss_rpn_cls: 0.0051, loss_rpn_bbox: 0.0034, s0.loss_cls: 0.0524, s0.acc: 98.0430, s0.loss_bbox: 0.0368, s1.loss_cls: 0.0265, s1.acc: 98.1046, s1.loss_bbox: 0.0433, s2.loss_cls: 0.0162, s2.acc: 97.4910, s2.loss_bbox: 0.0192, loss: 0.2029
2021-06-03 21:11:17,464 - mmdet - INFO - Epoch [2][1550/3752]	lr: 3.000e-03, eta: 3:10:31, time: 1.161, data_time: 0.003, memory: 2172, loss_rpn_cls: 0.0070, loss_rpn_bbox: 0.0047, s0.loss_cls: 0.0731, s0.acc: 97.4805, s0.loss_bbox: 0.0553, s1.loss_cls: 0.0358, s1.acc: 97.4543, s1.loss_bbox: 0.0530, s2.loss_cls: 0.0197, s2.acc: 96.9420, s2.loss_bbox: 0.0216, loss: 0.2703
2021-06-03 21:12:14,453 - mmdet - INFO - Epoch [2][1600/3752]	lr: 3.000e-03, eta: 3:09:29, time: 1.140, data_time: 0.003, memory: 2172, loss_rpn_cls: 0.0032, loss_rpn_bbox: 0.0021, s0.loss_cls: 0.0391, s0.acc: 98.5254, s0.loss_bbox: 0.0276, s1.loss_cls: 0.0183, s1.acc: 98.6415, s1.loss_bbox: 0.0324, s2.loss_cls: 0.0117, s2.acc: 98.4318, s2.loss_bbox: 0.0177, loss: 0.1520
2021-06-03 21:13:12,816 - mmdet - INFO - Epoch [2][1650/3752]	lr: 3.000e-03, eta: 3:08:29, time: 1.167, data_time: 0.003, memory: 2172, loss_rpn_cls: 0.0046, loss_rpn_bbox: 0.0024, s0.loss_cls: 0.0499, s0.acc: 98.2305, s0.loss_bbox: 0.0318, s1.loss_cls: 0.0241, s1.acc: 98.3175, s1.loss_bbox: 0.0336, s2.loss_cls: 0.0132, s2.acc: 98.1694, s2.loss_bbox: 0.0167, loss: 0.1764
2021-06-03 21:14:12,375 - mmdet - INFO - Epoch [2][1700/3752]	lr: 3.000e-03, eta: 3:07:31, time: 1.191, data_time: 0.003, memory: 2172, loss_rpn_cls: 0.0040, loss_rpn_bbox: 0.0028, s0.loss_cls: 0.0433, s0.acc: 98.3281, s0.loss_bbox: 0.0305, s1.loss_cls: 0.0210, s1.acc: 98.4009, s1.loss_bbox: 0.0342, s2.loss_cls: 0.0122, s2.acc: 98.1036, s2.loss_bbox: 0.0169, loss: 0.1649
2021-06-03 21:15:12,687 - mmdet - INFO - Epoch [2][1750/3752]	lr: 3.000e-03, eta: 3:06:35, time: 1.206, data_time: 0.003, memory: 2172, loss_rpn_cls: 0.0034, loss_rpn_bbox: 0.0025, s0.loss_cls: 0.0418, s0.acc: 98.5273, s0.loss_bbox: 0.0311, s1.loss_cls: 0.0219, s1.acc: 98.4381, s1.loss_bbox: 0.0353, s2.loss_cls: 0.0137, s2.acc: 97.9720, s2.loss_bbox: 0.0175, loss: 0.1672
2021-06-03 21:16:09,973 - mmdet - INFO - Epoch [2][1800/3752]	lr: 3.000e-03, eta: 3:05:33, time: 1.146, data_time: 0.003, memory: 2172, loss_rpn_cls: 0.0024, loss_rpn_bbox: 0.0022, s0.loss_cls: 0.0382, s0.acc: 98.5176, s0.loss_bbox: 0.0255, s1.loss_cls: 0.0189, s1.acc: 98.6227, s1.loss_bbox: 0.0304, s2.loss_cls: 0.0124, s2.acc: 98.1485, s2.loss_bbox: 0.0153, loss: 0.1454
2021-06-03 21:17:08,725 - mmdet - INFO - Epoch [2][1850/3752]	lr: 3.000e-03, eta: 3:04:34, time: 1.175, data_time: 0.003, memory: 2172, loss_rpn_cls: 0.0043, loss_rpn_bbox: 0.0029, s0.loss_cls: 0.0474, s0.acc: 98.2441, s0.loss_bbox: 0.0333, s1.loss_cls: 0.0243, s1.acc: 98.2545, s1.loss_bbox: 0.0382, s2.loss_cls: 0.0158, s2.acc: 97.6534, s2.loss_bbox: 0.0198, loss: 0.1861
2021-06-03 21:18:08,286 - mmdet - INFO - Epoch [2][1900/3752]	lr: 3.000e-03, eta: 3:03:37, time: 1.191, data_time: 0.003, memory: 2172, loss_rpn_cls: 0.0031, loss_rpn_bbox: 0.0024, s0.loss_cls: 0.0409, s0.acc: 98.5098, s0.loss_bbox: 0.0288, s1.loss_cls: 0.0202, s1.acc: 98.5921, s1.loss_bbox: 0.0336, s2.loss_cls: 0.0134, s2.acc: 98.1523, s2.loss_bbox: 0.0168, loss: 0.1590
2021-06-03 21:19:06,200 - mmdet - INFO - Epoch [2][1950/3752]	lr: 3.000e-03, eta: 3:02:36, time: 1.158, data_time: 0.003, memory: 2172, loss_rpn_cls: 0.0029, loss_rpn_bbox: 0.0024, s0.loss_cls: 0.0459, s0.acc: 98.3535, s0.loss_bbox: 0.0271, s1.loss_cls: 0.0249, s1.acc: 98.2500, s1.loss_bbox: 0.0300, s2.loss_cls: 0.0141, s2.acc: 97.9374, s2.loss_bbox: 0.0157, loss: 0.1629
2021-06-03 21:20:04,931 - mmdet - INFO - Epoch [2][2000/3752]	lr: 3.000e-03, eta: 3:01:37, time: 1.175, data_time: 0.003, memory: 2172, loss_rpn_cls: 0.0025, loss_rpn_bbox: 0.0024, s0.loss_cls: 0.0401, s0.acc: 98.4766, s0.loss_bbox: 0.0272, s1.loss_cls: 0.0196, s1.acc: 98.5384, s1.loss_bbox: 0.0343, s2.loss_cls: 0.0123, s2.acc: 98.1962, s2.loss_bbox: 0.0175, loss: 0.1558
2021-06-03 21:21:04,417 - mmdet - INFO - Epoch [2][2050/3752]	lr: 3.000e-03, eta: 3:00:39, time: 1.190, data_time: 0.003, memory: 2172, loss_rpn_cls: 0.0039, loss_rpn_bbox: 0.0026, s0.loss_cls: 0.0467, s0.acc: 98.2656, s0.loss_bbox: 0.0347, s1.loss_cls: 0.0230, s1.acc: 98.2734, s1.loss_bbox: 0.0348, s2.loss_cls: 0.0140, s2.acc: 97.8719, s2.loss_bbox: 0.0185, loss: 0.1783
2021-06-03 21:22:03,728 - mmdet - INFO - Epoch [2][2100/3752]	lr: 3.000e-03, eta: 2:59:41, time: 1.186, data_time: 0.003, memory: 2172, loss_rpn_cls: 0.0042, loss_rpn_bbox: 0.0029, s0.loss_cls: 0.0400, s0.acc: 98.4434, s0.loss_bbox: 0.0304, s1.loss_cls: 0.0199, s1.acc: 98.5839, s1.loss_bbox: 0.0365, s2.loss_cls: 0.0142, s2.acc: 97.7424, s2.loss_bbox: 0.0201, loss: 0.1683
2021-06-03 21:23:02,909 - mmdet - INFO - Epoch [2][2150/3752]	lr: 3.000e-03, eta: 2:58:43, time: 1.184, data_time: 0.003, memory: 2172, loss_rpn_cls: 0.0029, loss_rpn_bbox: 0.0023, s0.loss_cls: 0.0432, s0.acc: 98.4609, s0.loss_bbox: 0.0303, s1.loss_cls: 0.0216, s1.acc: 98.6630, s1.loss_bbox: 0.0345, s2.loss_cls: 0.0141, s2.acc: 97.9334, s2.loss_bbox: 0.0176, loss: 0.1666
2021-06-03 21:24:01,102 - mmdet - INFO - Epoch [2][2200/3752]	lr: 3.000e-03, eta: 2:57:43, time: 1.164, data_time: 0.003, memory: 2172, loss_rpn_cls: 0.0045, loss_rpn_bbox: 0.0031, s0.loss_cls: 0.0560, s0.acc: 97.8516, s0.loss_bbox: 0.0446, s1.loss_cls: 0.0274, s1.acc: 97.8911, s1.loss_bbox: 0.0478, s2.loss_cls: 0.0162, s2.acc: 97.4695, s2.loss_bbox: 0.0194, loss: 0.2190
2021-06-03 21:24:59,362 - mmdet - INFO - Epoch [2][2250/3752]	lr: 3.000e-03, eta: 2:56:43, time: 1.165, data_time: 0.003, memory: 2172, loss_rpn_cls: 0.0032, loss_rpn_bbox: 0.0026, s0.loss_cls: 0.0487, s0.acc: 98.1543, s0.loss_bbox: 0.0368, s1.loss_cls: 0.0234, s1.acc: 98.2984, s1.loss_bbox: 0.0400, s2.loss_cls: 0.0157, s2.acc: 97.4431, s2.loss_bbox: 0.0212, loss: 0.1916
2021-06-03 21:25:57,884 - mmdet - INFO - Epoch [2][2300/3752]	lr: 3.000e-03, eta: 2:55:43, time: 1.170, data_time: 0.003, memory: 2172, loss_rpn_cls: 0.0038, loss_rpn_bbox: 0.0029, s0.loss_cls: 0.0439, s0.acc: 98.3711, s0.loss_bbox: 0.0332, s1.loss_cls: 0.0216, s1.acc: 98.3786, s1.loss_bbox: 0.0394, s2.loss_cls: 0.0136, s2.acc: 97.9517, s2.loss_bbox: 0.0186, loss: 0.1771
2021-06-03 21:26:56,861 - mmdet - INFO - Epoch [2][2350/3752]	lr: 3.000e-03, eta: 2:54:45, time: 1.180, data_time: 0.003, memory: 2172, loss_rpn_cls: 0.0048, loss_rpn_bbox: 0.0025, s0.loss_cls: 0.0485, s0.acc: 98.1445, s0.loss_bbox: 0.0353, s1.loss_cls: 0.0245, s1.acc: 98.2054, s1.loss_bbox: 0.0402, s2.loss_cls: 0.0151, s2.acc: 97.7175, s2.loss_bbox: 0.0200, loss: 0.1910
2021-06-03 21:27:55,530 - mmdet - INFO - Epoch [2][2400/3752]	lr: 3.000e-03, eta: 2:53:46, time: 1.173, data_time: 0.003, memory: 2172, loss_rpn_cls: 0.0045, loss_rpn_bbox: 0.0029, s0.loss_cls: 0.0477, s0.acc: 98.2578, s0.loss_bbox: 0.0373, s1.loss_cls: 0.0232, s1.acc: 98.3389, s1.loss_bbox: 0.0388, s2.loss_cls: 0.0144, s2.acc: 97.9155, s2.loss_bbox: 0.0173, loss: 0.1860
2021-06-03 21:28:54,722 - mmdet - INFO - Epoch [2][2450/3752]	lr: 3.000e-03, eta: 2:52:47, time: 1.184, data_time: 0.003, memory: 2172, loss_rpn_cls: 0.0038, loss_rpn_bbox: 0.0032, s0.loss_cls: 0.0537, s0.acc: 98.0625, s0.loss_bbox: 0.0363, s1.loss_cls: 0.0245, s1.acc: 98.3682, s1.loss_bbox: 0.0398, s2.loss_cls: 0.0152, s2.acc: 97.7931, s2.loss_bbox: 0.0216, loss: 0.1981
2021-06-03 21:29:52,906 - mmdet - INFO - Epoch [2][2500/3752]	lr: 3.000e-03, eta: 2:51:47, time: 1.164, data_time: 0.003, memory: 2172, loss_rpn_cls: 0.0036, loss_rpn_bbox: 0.0027, s0.loss_cls: 0.0493, s0.acc: 98.2480, s0.loss_bbox: 0.0335, s1.loss_cls: 0.0231, s1.acc: 98.4551, s1.loss_bbox: 0.0417, s2.loss_cls: 0.0149, s2.acc: 97.8522, s2.loss_bbox: 0.0206, loss: 0.1896
2021-06-03 21:30:51,076 - mmdet - INFO - Epoch [2][2550/3752]	lr: 3.000e-03, eta: 2:50:48, time: 1.163, data_time: 0.003, memory: 2172, loss_rpn_cls: 0.0071, loss_rpn_bbox: 0.0038, s0.loss_cls: 0.0567, s0.acc: 97.8672, s0.loss_bbox: 0.0438, s1.loss_cls: 0.0260, s1.acc: 97.9804, s1.loss_bbox: 0.0490, s2.loss_cls: 0.0174, s2.acc: 97.3868, s2.loss_bbox: 0.0250, loss: 0.2288
2021-06-03 21:31:47,730 - mmdet - INFO - Epoch [2][2600/3752]	lr: 3.000e-03, eta: 2:49:46, time: 1.133, data_time: 0.003, memory: 2172, loss_rpn_cls: 0.0035, loss_rpn_bbox: 0.0024, s0.loss_cls: 0.0427, s0.acc: 98.4043, s0.loss_bbox: 0.0313, s1.loss_cls: 0.0206, s1.acc: 98.5615, s1.loss_bbox: 0.0339, s2.loss_cls: 0.0129, s2.acc: 98.0452, s2.loss_bbox: 0.0193, loss: 0.1666
2021-06-03 21:32:45,932 - mmdet - INFO - Epoch [2][2650/3752]	lr: 3.000e-03, eta: 2:48:46, time: 1.164, data_time: 0.003, memory: 2172, loss_rpn_cls: 0.0032, loss_rpn_bbox: 0.0027, s0.loss_cls: 0.0477, s0.acc: 98.2207, s0.loss_bbox: 0.0357, s1.loss_cls: 0.0249, s1.acc: 98.1835, s1.loss_bbox: 0.0402, s2.loss_cls: 0.0163, s2.acc: 97.4955, s2.loss_bbox: 0.0183, loss: 0.1889
2021-06-03 21:33:44,957 - mmdet - INFO - Epoch [2][2700/3752]	lr: 3.000e-03, eta: 2:47:47, time: 1.180, data_time: 0.003, memory: 2172, loss_rpn_cls: 0.0035, loss_rpn_bbox: 0.0028, s0.loss_cls: 0.0525, s0.acc: 98.0703, s0.loss_bbox: 0.0387, s1.loss_cls: 0.0255, s1.acc: 98.2364, s1.loss_bbox: 0.0421, s2.loss_cls: 0.0144, s2.acc: 97.9290, s2.loss_bbox: 0.0204, loss: 0.1999
2021-06-03 21:34:44,403 - mmdet - INFO - Epoch [2][2750/3752]	lr: 3.000e-03, eta: 2:46:49, time: 1.189, data_time: 0.003, memory: 2172, loss_rpn_cls: 0.0041, loss_rpn_bbox: 0.0026, s0.loss_cls: 0.0563, s0.acc: 98.0332, s0.loss_bbox: 0.0382, s1.loss_cls: 0.0273, s1.acc: 98.1730, s1.loss_bbox: 0.0393, s2.loss_cls: 0.0152, s2.acc: 97.7079, s2.loss_bbox: 0.0187, loss: 0.2017
2021-06-03 21:35:41,146 - mmdet - INFO - Epoch [2][2800/3752]	lr: 3.000e-03, eta: 2:45:48, time: 1.135, data_time: 0.003, memory: 2172, loss_rpn_cls: 0.0027, loss_rpn_bbox: 0.0022, s0.loss_cls: 0.0408, s0.acc: 98.4805, s0.loss_bbox: 0.0282, s1.loss_cls: 0.0193, s1.acc: 98.6357, s1.loss_bbox: 0.0355, s2.loss_cls: 0.0143, s2.acc: 97.7480, s2.loss_bbox: 0.0191, loss: 0.1621
2021-06-03 21:36:38,651 - mmdet - INFO - Epoch [2][2850/3752]	lr: 3.000e-03, eta: 2:44:47, time: 1.150, data_time: 0.003, memory: 2172, loss_rpn_cls: 0.0027, loss_rpn_bbox: 0.0028, s0.loss_cls: 0.0475, s0.acc: 98.1758, s0.loss_bbox: 0.0341, s1.loss_cls: 0.0227, s1.acc: 98.2943, s1.loss_bbox: 0.0378, s2.loss_cls: 0.0134, s2.acc: 97.8633, s2.loss_bbox: 0.0191, loss: 0.1800
2021-06-03 21:37:37,107 - mmdet - INFO - Epoch [2][2900/3752]	lr: 3.000e-03, eta: 2:43:48, time: 1.169, data_time: 0.003, memory: 2172, loss_rpn_cls: 0.0031, loss_rpn_bbox: 0.0027, s0.loss_cls: 0.0503, s0.acc: 98.1543, s0.loss_bbox: 0.0336, s1.loss_cls: 0.0243, s1.acc: 98.2324, s1.loss_bbox: 0.0401, s2.loss_cls: 0.0154, s2.acc: 97.6569, s2.loss_bbox: 0.0222, loss: 0.1918
2021-06-03 21:38:36,555 - mmdet - INFO - Epoch [2][2950/3752]	lr: 3.000e-03, eta: 2:42:50, time: 1.189, data_time: 0.003, memory: 2172, loss_rpn_cls: 0.0032, loss_rpn_bbox: 0.0030, s0.loss_cls: 0.0498, s0.acc: 98.1348, s0.loss_bbox: 0.0388, s1.loss_cls: 0.0247, s1.acc: 98.2114, s1.loss_bbox: 0.0437, s2.loss_cls: 0.0155, s2.acc: 97.4343, s2.loss_bbox: 0.0225, loss: 0.2012
2021-06-03 21:39:36,366 - mmdet - INFO - Epoch [2][3000/3752]	lr: 3.000e-03, eta: 2:41:52, time: 1.196, data_time: 0.003, memory: 2172, loss_rpn_cls: 0.0040, loss_rpn_bbox: 0.0031, s0.loss_cls: 0.0528, s0.acc: 98.0293, s0.loss_bbox: 0.0391, s1.loss_cls: 0.0269, s1.acc: 97.9942, s1.loss_bbox: 0.0479, s2.loss_cls: 0.0177, s2.acc: 97.2815, s2.loss_bbox: 0.0244, loss: 0.2160
2021-06-03 21:40:34,811 - mmdet - INFO - Epoch [2][3050/3752]	lr: 3.000e-03, eta: 2:40:53, time: 1.169, data_time: 0.003, memory: 2172, loss_rpn_cls: 0.0031, loss_rpn_bbox: 0.0028, s0.loss_cls: 0.0457, s0.acc: 98.3340, s0.loss_bbox: 0.0300, s1.loss_cls: 0.0233, s1.acc: 98.3388, s1.loss_bbox: 0.0374, s2.loss_cls: 0.0170, s2.acc: 97.3842, s2.loss_bbox: 0.0196, loss: 0.1790
2021-06-03 21:41:34,900 - mmdet - INFO - Epoch [2][3100/3752]	lr: 3.000e-03, eta: 2:39:56, time: 1.202, data_time: 0.003, memory: 2172, loss_rpn_cls: 0.0026, loss_rpn_bbox: 0.0027, s0.loss_cls: 0.0478, s0.acc: 98.2832, s0.loss_bbox: 0.0306, s1.loss_cls: 0.0235, s1.acc: 98.2205, s1.loss_bbox: 0.0367, s2.loss_cls: 0.0143, s2.acc: 97.6962, s2.loss_bbox: 0.0186, loss: 0.1768
2021-06-03 21:42:34,355 - mmdet - INFO - Epoch [2][3150/3752]	lr: 3.000e-03, eta: 2:38:58, time: 1.189, data_time: 0.003, memory: 2172, loss_rpn_cls: 0.0023, loss_rpn_bbox: 0.0020, s0.loss_cls: 0.0324, s0.acc: 98.8203, s0.loss_bbox: 0.0225, s1.loss_cls: 0.0159, s1.acc: 98.9119, s1.loss_bbox: 0.0294, s2.loss_cls: 0.0112, s2.acc: 98.4643, s2.loss_bbox: 0.0181, loss: 0.1337
2021-06-03 21:43:36,187 - mmdet - INFO - Epoch [2][3200/3752]	lr: 3.000e-03, eta: 2:38:02, time: 1.237, data_time: 0.003, memory: 2172, loss_rpn_cls: 0.0029, loss_rpn_bbox: 0.0022, s0.loss_cls: 0.0386, s0.acc: 98.5879, s0.loss_bbox: 0.0285, s1.loss_cls: 0.0186, s1.acc: 98.7220, s1.loss_bbox: 0.0347, s2.loss_cls: 0.0129, s2.acc: 98.1588, s2.loss_bbox: 0.0173, loss: 0.1557
2021-06-03 21:44:39,236 - mmdet - INFO - Epoch [2][3250/3752]	lr: 3.000e-03, eta: 2:37:08, time: 1.261, data_time: 0.004, memory: 2172, loss_rpn_cls: 0.0039, loss_rpn_bbox: 0.0032, s0.loss_cls: 0.0449, s0.acc: 98.2754, s0.loss_bbox: 0.0357, s1.loss_cls: 0.0201, s1.acc: 98.5750, s1.loss_bbox: 0.0418, s2.loss_cls: 0.0138, s2.acc: 97.9241, s2.loss_bbox: 0.0230, loss: 0.1865
2021-06-03 21:45:42,422 - mmdet - INFO - Epoch [2][3300/3752]	lr: 3.000e-03, eta: 2:36:14, time: 1.264, data_time: 0.003, memory: 2172, loss_rpn_cls: 0.0043, loss_rpn_bbox: 0.0030, s0.loss_cls: 0.0527, s0.acc: 98.0078, s0.loss_bbox: 0.0411, s1.loss_cls: 0.0264, s1.acc: 97.9272, s1.loss_bbox: 0.0460, s2.loss_cls: 0.0171, s2.acc: 97.4306, s2.loss_bbox: 0.0217, loss: 0.2123
2021-06-03 21:46:43,237 - mmdet - INFO - Epoch [2][3350/3752]	lr: 3.000e-03, eta: 2:35:18, time: 1.216, data_time: 0.003, memory: 2172, loss_rpn_cls: 0.0058, loss_rpn_bbox: 0.0026, s0.loss_cls: 0.0483, s0.acc: 98.1934, s0.loss_bbox: 0.0317, s1.loss_cls: 0.0240, s1.acc: 98.1709, s1.loss_bbox: 0.0371, s2.loss_cls: 0.0148, s2.acc: 97.9031, s2.loss_bbox: 0.0199, loss: 0.1842
2021-06-03 21:47:41,959 - mmdet - INFO - Epoch [2][3400/3752]	lr: 3.000e-03, eta: 2:34:18, time: 1.174, data_time: 0.003, memory: 2172, loss_rpn_cls: 0.0033, loss_rpn_bbox: 0.0029, s0.loss_cls: 0.0422, s0.acc: 98.4004, s0.loss_bbox: 0.0338, s1.loss_cls: 0.0204, s1.acc: 98.4371, s1.loss_bbox: 0.0412, s2.loss_cls: 0.0140, s2.acc: 97.8876, s2.loss_bbox: 0.0236, loss: 0.1815
2021-06-03 21:48:41,431 - mmdet - INFO - Epoch [2][3450/3752]	lr: 3.000e-03, eta: 2:33:20, time: 1.189, data_time: 0.003, memory: 2172, loss_rpn_cls: 0.0031, loss_rpn_bbox: 0.0022, s0.loss_cls: 0.0396, s0.acc: 98.5039, s0.loss_bbox: 0.0288, s1.loss_cls: 0.0188, s1.acc: 98.5924, s1.loss_bbox: 0.0338, s2.loss_cls: 0.0128, s2.acc: 97.9437, s2.loss_bbox: 0.0190, loss: 0.1582
2021-06-03 21:49:42,090 - mmdet - INFO - Epoch [2][3500/3752]	lr: 3.000e-03, eta: 2:32:23, time: 1.213, data_time: 0.003, memory: 2172, loss_rpn_cls: 0.0043, loss_rpn_bbox: 0.0033, s0.loss_cls: 0.0564, s0.acc: 97.8848, s0.loss_bbox: 0.0429, s1.loss_cls: 0.0275, s1.acc: 97.9660, s1.loss_bbox: 0.0503, s2.loss_cls: 0.0165, s2.acc: 97.3531, s2.loss_bbox: 0.0230, loss: 0.2243
2021-06-03 21:50:42,141 - mmdet - INFO - Epoch [2][3550/3752]	lr: 3.000e-03, eta: 2:31:25, time: 1.201, data_time: 0.003, memory: 2172, loss_rpn_cls: 0.0025, loss_rpn_bbox: 0.0024, s0.loss_cls: 0.0342, s0.acc: 98.8105, s0.loss_bbox: 0.0272, s1.loss_cls: 0.0174, s1.acc: 98.8210, s1.loss_bbox: 0.0316, s2.loss_cls: 0.0113, s2.acc: 98.2913, s2.loss_bbox: 0.0172, loss: 0.1439
2021-06-03 21:51:42,499 - mmdet - INFO - Epoch [2][3600/3752]	lr: 3.000e-03, eta: 2:30:28, time: 1.207, data_time: 0.003, memory: 2172, loss_rpn_cls: 0.0039, loss_rpn_bbox: 0.0030, s0.loss_cls: 0.0515, s0.acc: 98.1230, s0.loss_bbox: 0.0368, s1.loss_cls: 0.0253, s1.acc: 98.1640, s1.loss_bbox: 0.0393, s2.loss_cls: 0.0138, s2.acc: 97.8795, s2.loss_bbox: 0.0198, loss: 0.1934
2021-06-03 21:52:41,639 - mmdet - INFO - Epoch [2][3650/3752]	lr: 3.000e-03, eta: 2:29:29, time: 1.183, data_time: 0.003, memory: 2172, loss_rpn_cls: 0.0038, loss_rpn_bbox: 0.0022, s0.loss_cls: 0.0502, s0.acc: 98.0879, s0.loss_bbox: 0.0356, s1.loss_cls: 0.0240, s1.acc: 98.1070, s1.loss_bbox: 0.0367, s2.loss_cls: 0.0143, s2.acc: 97.9889, s2.loss_bbox: 0.0191, loss: 0.1860
2021-06-03 21:53:42,285 - mmdet - INFO - Epoch [2][3700/3752]	lr: 3.000e-03, eta: 2:28:32, time: 1.213, data_time: 0.003, memory: 2172, loss_rpn_cls: 0.0026, loss_rpn_bbox: 0.0022, s0.loss_cls: 0.0381, s0.acc: 98.5547, s0.loss_bbox: 0.0274, s1.loss_cls: 0.0195, s1.acc: 98.6467, s1.loss_bbox: 0.0357, s2.loss_cls: 0.0138, s2.acc: 97.7992, s2.loss_bbox: 0.0196, loss: 0.1590
2021-06-03 21:54:43,559 - mmdet - INFO - Epoch [2][3750/3752]	lr: 3.000e-03, eta: 2:27:35, time: 1.225, data_time: 0.003, memory: 2172, loss_rpn_cls: 0.0027, loss_rpn_bbox: 0.0022, s0.loss_cls: 0.0423, s0.acc: 98.3809, s0.loss_bbox: 0.0309, s1.loss_cls: 0.0206, s1.acc: 98.4647, s1.loss_bbox: 0.0339, s2.loss_cls: 0.0117, s2.acc: 98.3275, s2.loss_bbox: 0.0172, loss: 0.1614
2021-06-03 21:54:45,643 - mmdet - INFO - Saving checkpoint at 2 epochs
2021-06-03 22:04:34,361 - mmdet - INFO - 
+-------------+------+------+--------+-------+
| class       | gts  | dets | recall | ap    |
+-------------+------+------+--------+-------+
| aeroplane   | 155  | 238  | 0.890  | 0.810 |
| bicycle     | 177  | 393  | 0.876  | 0.790 |
| bird        | 243  | 405  | 0.811  | 0.722 |
| boat        | 150  | 349  | 0.827  | 0.707 |
| bottle      | 252  | 521  | 0.762  | 0.663 |
| bus         | 114  | 275  | 0.833  | 0.792 |
| car         | 625  | 1006 | 0.907  | 0.866 |
| cat         | 190  | 361  | 0.932  | 0.871 |
| chair       | 398  | 1168 | 0.799  | 0.640 |
| cow         | 123  | 239  | 0.878  | 0.778 |
| diningtable | 112  | 412  | 0.893  | 0.695 |
| dog         | 257  | 402  | 0.911  | 0.843 |
| horse       | 180  | 399  | 0.950  | 0.880 |
| motorbike   | 172  | 454  | 0.919  | 0.797 |
| person      | 2332 | 4788 | 0.919  | 0.849 |
| pottedplant | 266  | 586  | 0.718  | 0.534 |
| sheep       | 127  | 341  | 0.882  | 0.745 |
| sofa        | 124  | 288  | 0.887  | 0.740 |
| train       | 152  | 219  | 0.934  | 0.888 |
| tvmonitor   | 158  | 302  | 0.873  | 0.769 |
+-------------+------+------+--------+-------+
| mAP         |      |      |        | 0.769 |
+-------------+------+------+--------+-------+
2021-06-03 22:04:34,369 - mmdet - INFO - Exp name: cascade_rcnn_r101_fpn_dconv_c3-c5_1x_coco.py
2021-06-03 22:04:34,372 - mmdet - INFO - Epoch(val) [2][3752]	AP50: 0.7690, mAP: 0.7689
2021-06-03 22:05:37,270 - mmdet - INFO - Epoch [3][50/3752]	lr: 3.000e-04, eta: 2:26:35, time: 1.257, data_time: 0.043, memory: 2172, loss_rpn_cls: 0.0027, loss_rpn_bbox: 0.0028, s0.loss_cls: 0.0388, s0.acc: 98.5078, s0.loss_bbox: 0.0307, s1.loss_cls: 0.0174, s1.acc: 98.7619, s1.loss_bbox: 0.0332, s2.loss_cls: 0.0114, s2.acc: 98.3770, s2.loss_bbox: 0.0192, loss: 0.1563
